<?xml version="1.0" encoding="UTF-8"?>
<testsuite xmlns:xsi="http://www.w3.org/2001/XMLSchema-instance" xsi:noNamespaceSchemaLocation="https://maven.apache.org/surefire/maven-surefire-plugin/xsd/surefire-test-report.xsd" version="3.0.2" name="br.com.crudao.kanban.bdd.ExecutarCenariosDeAceiteTest" time="19.738" tests="19" errors="0" skipped="0" failures="0" flakes="0">
  <properties>
[...]
</properties>
  <testcase name="RF-001 - Board exibe colunas na ordem configurada com tarefas na etapa correspondente" classname="ExecutarCenariosDeAceiteTest" time="15.738">
    <system-out><![CDATA[16:35:12.195 [main] INFO org.springframework.test.context.support.AnnotationConfigContextLoaderUtils -- Could not detect default configuration classes for test class [br.com.crudao.kanban.bdd.ConfiguracaoBdd]: ConfiguracaoBdd does not declare any static, non-private, non-final, nested classes annotated with @Configuration.
16:35:12.412 [main] INFO org.springframework.boot.test.context.SpringBootTestContextBootstrapper -- Found @SpringBootConfiguration br.com.crudao.kanban.KanbanApplication for test class br.com.crudao.kanban.bdd.ConfiguracaoBdd

  .   ____          _            __ _ _
 /\\ / ___'_ __ _ _(_)_ __  __ _ \ \ \ \
( ( )\___ | '_ | '_| | '_ \/ _` | \ \ \ \
 \\/  ___)| |_)| | | | | || (_| |  ) ) ) )
  '  |____| .__|_| |_|_| |_\__, | / / / /
 =========|_|==============|___/=/_/_/_/

 :: Spring Boot ::               (v3.5.16)

2026-09-03T16:35:13.254-03:00  INFO 19764 --- [kanban] [           main] org.testcontainers.images.PullPolicy     : Image pull policy will be performed by: DefaultPullPolicy()
2026-09-03T16:35:13.258-03:00  INFO 19764 --- [kanban] [           main] o.t.utility.ImageNameSubstitutor         : Image name substitution will be performed by: DefaultImageNameSubstitutor (composite of 'ConfigurationFileImageNameSubstitutor' and 'PrefixingImageNameSubstitutor')
2026-09-03T16:35:13.270-03:00  INFO 19764 --- [kanban] [           main] org.testcontainers.DockerClientFactory   : Testcontainers version: 1.21.4
2026-09-03T16:35:13.719-03:00  INFO 19764 --- [kanban] [           main] o.t.d.DockerClientProviderStrategy       : Loaded org.testcontainers.dockerclient.NpipeSocketClientProviderStrategy from ~/.testcontainers.properties, will try it first
2026-09-03T16:35:14.180-03:00  INFO 19764 --- [kanban] [           main] o.t.d.DockerClientProviderStrategy       : Found Docker environment with local Npipe socket (npipe:////./pipe/docker_engine)
2026-09-03T16:35:14.181-03:00  INFO 19764 --- [kanban] [           main] org.testcontainers.DockerClientFactory   : Docker host IP address is localhost
2026-09-03T16:35:14.205-03:00  INFO 19764 --- [kanban] [           main] org.testcontainers.DockerClientFactory   : Connected to docker: 
  Server Version: 29.7.2
  API Version: 1.55
  Operating System: Docker Desktop
  Total Memory: 15866 MB
  Labels: 
    com.docker.desktop.address=npipe://\\.\pipe\docker_cli
2026-09-03T16:35:14.360-03:00  INFO 19764 --- [kanban] [           main] tc.testcontainers/ryuk:0.12.0            : Creating container for image: testcontainers/ryuk:0.12.0
2026-09-03T16:35:14.767-03:00  INFO 19764 --- [kanban] [           main] tc.testcontainers/ryuk:0.12.0            : Container testcontainers/ryuk:0.12.0 is starting: fcecedb083190dc8205014118f36c5b1788540d6e22864db34855220078f3832
2026-09-03T16:35:15.149-03:00  INFO 19764 --- [kanban] [           main] tc.testcontainers/ryuk:0.12.0            : Container testcontainers/ryuk:0.12.0 started in PT0.7888213S
2026-09-03T16:35:15.156-03:00  INFO 19764 --- [kanban] [           main] o.t.utility.RyukResourceReaper           : Ryuk started - will monitor and terminate Testcontainers containers on JVM exit
2026-09-03T16:35:15.157-03:00  INFO 19764 --- [kanban] [           main] org.testcontainers.DockerClientFactory   : Checking the system...
2026-09-03T16:35:15.157-03:00  INFO 19764 --- [kanban] [           main] org.testcontainers.DockerClientFactory   : ✔︎ Docker server version should be at least 1.6.0
2026-09-03T16:35:15.158-03:00  INFO 19764 --- [kanban] [           main] tc.postgres:16-alpine                    : Creating container for image: postgres:16-alpine
2026-09-03T16:35:15.159-03:00  WARN 19764 --- [kanban] [           main] tc.postgres:16-alpine                    : Reuse was requested but the environment does not support the reuse of containers
To enable reuse of containers, you must set 'testcontainers.reuse.enable=true' in a file located at C:\Users\User\.testcontainers.properties
2026-09-03T16:35:15.250-03:00  INFO 19764 --- [kanban] [           main] tc.postgres:16-alpine                    : Container postgres:16-alpine is starting: 49e90f7353f960c7680146b955a4650a62f9d8e38bdf7ec2619b6cfd6d3fef05
2026-09-03T16:35:17.012-03:00  INFO 19764 --- [kanban] [           main] tc.postgres:16-alpine                    : Container postgres:16-alpine started in PT1.8544251S
2026-09-03T16:35:17.013-03:00  INFO 19764 --- [kanban] [           main] tc.postgres:16-alpine                    : Container is started (JDBC URL: jdbc:postgresql://localhost:64993/kanban?loggerLevel=OFF)
2026-09-03T16:35:17.031-03:00  INFO 19764 --- [kanban] [           main] b.com.crudao.kanban.bdd.ConfiguracaoBdd  : Starting ConfiguracaoBdd using Java 21 with PID 19764 (started by User in D:\DEV\Projects\SPDD_puro\poc\backend)
2026-09-03T16:35:17.031-03:00  INFO 19764 --- [kanban] [           main] b.com.crudao.kanban.bdd.ConfiguracaoBdd  : No active profile set, falling back to 1 default profile: "default"
2026-09-03T16:35:18.486-03:00  INFO 19764 --- [kanban] [           main] .s.d.r.c.RepositoryConfigurationDelegate : Bootstrapping Spring Data JPA repositories in DEFAULT mode.
2026-09-03T16:35:18.627-03:00  INFO 19764 --- [kanban] [           main] .s.d.r.c.RepositoryConfigurationDelegate : Finished Spring Data repository scanning in 127 ms. Found 17 JPA repository interfaces.
2026-09-03T16:35:19.680-03:00  INFO 19764 --- [kanban] [           main] com.zaxxer.hikari.HikariDataSource       : HikariPool-1 - Starting...
2026-09-03T16:35:19.949-03:00  INFO 19764 --- [kanban] [           main] com.zaxxer.hikari.pool.HikariPool        : HikariPool-1 - Added connection org.postgresql.jdbc.PgConnection@d8a80a5
2026-09-03T16:35:19.953-03:00  INFO 19764 --- [kanban] [           main] com.zaxxer.hikari.HikariDataSource       : HikariPool-1 - Start completed.
2026-09-03T16:35:20.005-03:00  INFO 19764 --- [kanban] [           main] org.flywaydb.core.FlywayExecutor         : Database: jdbc:postgresql://localhost:64993/kanban?loggerLevel=OFF (PostgreSQL 16.15)
2026-09-03T16:35:20.102-03:00  INFO 19764 --- [kanban] [           main] o.f.c.i.s.JdbcTableSchemaHistory         : Schema history table "public"."flyway_schema_history" does not exist yet
2026-09-03T16:35:20.109-03:00  INFO 19764 --- [kanban] [           main] o.f.core.internal.command.DbValidate     : Successfully validated 9 migrations (execution time 00:00.064s)
2026-09-03T16:35:20.138-03:00  INFO 19764 --- [kanban] [           main] o.f.c.i.s.JdbcTableSchemaHistory         : Creating Schema History table "public"."flyway_schema_history" ...
2026-09-03T16:35:20.205-03:00  INFO 19764 --- [kanban] [           main] o.f.core.internal.command.DbMigrate      : Current version of schema "public": << Empty Schema >>
2026-09-03T16:35:20.229-03:00  INFO 19764 --- [kanban] [           main] o.f.core.internal.command.DbMigrate      : Migrating schema "public" to version "1 - usuario papel permissao"
2026-09-03T16:35:20.311-03:00  INFO 19764 --- [kanban] [           main] o.f.core.internal.command.DbMigrate      : Migrating schema "public" to version "2 - projeto"
2026-09-03T16:35:20.349-03:00  INFO 19764 --- [kanban] [           main] o.f.core.internal.command.DbMigrate      : Migrating schema "public" to version "3 - usuario projeto papel"
2026-09-03T16:35:20.399-03:00  INFO 19764 --- [kanban] [           main] o.f.core.internal.command.DbMigrate      : Migrating schema "public" to version "4 - workflow etapa transicao"
2026-09-03T16:35:20.454-03:00  INFO 19764 --- [kanban] [           main] o.f.core.internal.command.DbMigrate      : Migrating schema "public" to version "5 - raia"
2026-09-03T16:35:20.483-03:00  INFO 19764 --- [kanban] [           main] o.f.core.internal.command.DbMigrate      : Migrating schema "public" to version "6 - tarefa"
2026-09-03T16:35:20.528-03:00  INFO 19764 --- [kanban] [           main] o.f.core.internal.command.DbMigrate      : Migrating schema "public" to version "7 - periodos leadtime"
2026-09-03T16:35:20.570-03:00  INFO 19764 --- [kanban] [           main] o.f.core.internal.command.DbMigrate      : Migrating schema "public" to version "8 - auditoria notificacao"
2026-09-03T16:35:20.609-03:00  INFO 19764 --- [kanban] [           main] o.f.core.internal.command.DbMigrate      : Migrating schema "public" to version "9 - sequencia projeto"
2026-09-03T16:35:20.633-03:00  INFO 19764 --- [kanban] [           main] o.f.core.internal.command.DbMigrate      : Successfully applied 9 migrations to schema "public", now at version v9 (execution time 00:00.232s)
2026-09-03T16:35:20.808-03:00  INFO 19764 --- [kanban] [           main] o.hibernate.jpa.internal.util.LogHelper  : HHH000204: Processing PersistenceUnitInfo [name: default]
2026-09-03T16:35:20.888-03:00  INFO 19764 --- [kanban] [           main] org.hibernate.Version                    : HHH000412: Hibernate ORM core version 6.6.53.Final
2026-09-03T16:35:20.933-03:00  INFO 19764 --- [kanban] [           main] o.h.c.internal.RegionFactoryInitiator    : HHH000026: Second-level cache disabled
2026-09-03T16:35:21.115-03:00  INFO 19764 --- [kanban] [           main] o.s.o.j.p.SpringPersistenceUnitInfo      : No LoadTimeWeaver setup: ignoring JPA class transformer
2026-09-03T16:35:21.250-03:00  INFO 19764 --- [kanban] [           main] org.hibernate.orm.connections.pooling    : HHH10001005: Database info:
	Database JDBC URL [Connecting through datasource 'HikariDataSource (HikariPool-1)']
	Database driver: undefined/unknown
	Database version: 16.15
	Autocommit mode: undefined/unknown
	Isolation level: undefined/unknown
	Minimum pool size: undefined/unknown
	Maximum pool size: undefined/unknown
2026-09-03T16:35:22.803-03:00  INFO 19764 --- [kanban] [           main] o.h.e.t.j.p.i.JtaPlatformInitiator       : HHH000489: No JTA platform available (set 'hibernate.transaction.jta.platform' to enable JTA platform integration)
2026-09-03T16:35:22.873-03:00  INFO 19764 --- [kanban] [           main] j.LocalContainerEntityManagerFactoryBean : Initialized JPA EntityManagerFactory for persistence unit 'default'
2026-09-03T16:35:23.450-03:00  INFO 19764 --- [kanban] [           main] o.s.d.j.r.query.QueryEnhancerFactory     : Hibernate is in classpath; If applicable, HQL parser will be used.
2026-09-03T16:35:25.873-03:00  INFO 19764 --- [kanban] [           main] o.s.b.a.e.web.EndpointLinksResolver      : Exposing 2 endpoints beneath base path '/actuator'
2026-09-03T16:35:26.693-03:00  INFO 19764 --- [kanban] [           main] o.s.b.t.m.w.SpringBootMockServletContext : Initializing Spring TestDispatcherServlet ''
2026-09-03T16:35:26.693-03:00  INFO 19764 --- [kanban] [           main] o.s.t.web.servlet.TestDispatcherServlet  : Initializing Servlet ''
2026-09-03T16:35:26.693-03:00  INFO 19764 --- [kanban] [           main] o.s.t.web.servlet.TestDispatcherServlet  : Completed initialization in 0 ms
2026-09-03T16:35:26.774-03:00  INFO 19764 --- [kanban] [           main] o.s.m.s.b.SimpleBrokerMessageHandler     : Starting...
2026-09-03T16:35:26.774-03:00  INFO 19764 --- [kanban] [           main] o.s.m.s.b.SimpleBrokerMessageHandler     : BrokerAvailabilityEvent[available=true, SimpleBrokerMessageHandler [org.springframework.messaging.simp.broker.DefaultSubscriptionRegistry@1e4368bd]]
2026-09-03T16:35:26.775-03:00  INFO 19764 --- [kanban] [           main] o.s.m.s.b.SimpleBrokerMessageHandler     : Started.
2026-09-03T16:35:26.790-03:00  INFO 19764 --- [kanban] [           main] b.com.crudao.kanban.bdd.ConfiguracaoBdd  : Started ConfiguracaoBdd in 14.17 seconds (process running for 25.163)
2026-09-03T16:35:26.878-03:00  INFO 19764 --- [kanban] [           main] b.c.c.k.evento.adapter.BoardEventLoop    : Listener de eventos iniciado no canal board_events
2026-09-03T16:35:26.882-03:00  INFO 19764 --- [kanban] [oard-event-loop] b.c.c.k.evento.adapter.BoardEventLoop    : Escutando o canal board_events
2026-09-03T16:35:27.590-03:00  INFO 19764 --- [kanban] [           main] b.c.crudao.kanban.tarefa.TarefaService   : Tarefa 3888141f-2ca0-4eed-8af6-96291b4dc4ab criada no projeto fd0db53f-1d9a-40a6-9ade-66b9bf96e4fc
]]></system-out>
  </testcase>
  <testcase name="RF-002 - Movimentacao sem transicao configurada e bloqueada e informada" classname="ExecutarCenariosDeAceiteTest" time="0.287">
    <system-out><![CDATA[2026-09-03T16:35:27.820-03:00  INFO 19764 --- [kanban] [           main] t.c.s.AnnotationConfigContextLoaderUtils : Could not detect default configuration classes for test class [br.com.crudao.kanban.bdd.ConfiguracaoBdd]: ConfiguracaoBdd does not declare any static, non-private, non-final, nested classes annotated with @Configuration.
2026-09-03T16:35:27.825-03:00  INFO 19764 --- [kanban] [           main] .b.t.c.SpringBootTestContextBootstrapper : Found @SpringBootConfiguration br.com.crudao.kanban.KanbanApplication for test class br.com.crudao.kanban.bdd.ConfiguracaoBdd
2026-09-03T16:35:27.921-03:00  INFO 19764 --- [kanban] [           main] b.c.crudao.kanban.tarefa.TarefaService   : Tarefa 37ffe105-4963-4d50-af41-0185222d7913 criada no projeto 3da2bee1-6c36-47cf-bdbb-d0aa66e1ed07
2026-09-03T16:35:28.092-03:00  WARN 19764 --- [kanban] [           main] b.c.c.k.common.GlobalExceptionHandler    : Regra de negocio violada [TRANSICAO_NAO_PERMITIDA]: Nao existe transicao configurada de "A fazer" para "Concluido".
]]></system-out>
  </testcase>
  <testcase name="RF-003 - Campos estruturais ficam travados apos a tarefa ser iniciada" classname="ExecutarCenariosDeAceiteTest" time="0.402">
    <system-out><![CDATA[2026-09-03T16:35:28.108-03:00  INFO 19764 --- [kanban] [           main] t.c.s.AnnotationConfigContextLoaderUtils : Could not detect default configuration classes for test class [br.com.crudao.kanban.bdd.ConfiguracaoBdd]: ConfiguracaoBdd does not declare any static, non-private, non-final, nested classes annotated with @Configuration.
2026-09-03T16:35:28.111-03:00  INFO 19764 --- [kanban] [           main] .b.t.c.SpringBootTestContextBootstrapper : Found @SpringBootConfiguration br.com.crudao.kanban.KanbanApplication for test class br.com.crudao.kanban.bdd.ConfiguracaoBdd
2026-09-03T16:35:28.191-03:00  INFO 19764 --- [kanban] [           main] b.c.crudao.kanban.tarefa.TarefaService   : Tarefa be88f052-5d2b-4f72-80f1-318e87906c4c criada no projeto 2f621e7a-5621-485b-8334-ff8927ab46c1
2026-09-03T16:35:28.503-03:00  WARN 19764 --- [kanban] [           main] b.c.c.k.common.GlobalExceptionHandler    : Regra de negocio violada [TAREFA_INICIADA_CAMPO_BLOQUEADO]: A tarefa ja foi iniciada: descricao e tipo nao podem mais ser alterados.
]]></system-out>
  </testcase>
  <testcase name="RF-004 - Marcar impedimento registra o motivo e sinaliza a tarefa" classname="ExecutarCenariosDeAceiteTest" time="0.257">
    <system-out><![CDATA[2026-09-03T16:35:28.511-03:00  INFO 19764 --- [kanban] [           main] t.c.s.AnnotationConfigContextLoaderUtils : Could not detect default configuration classes for test class [br.com.crudao.kanban.bdd.ConfiguracaoBdd]: ConfiguracaoBdd does not declare any static, non-private, non-final, nested classes annotated with @Configuration.
2026-09-03T16:35:28.514-03:00  INFO 19764 --- [kanban] [           main] .b.t.c.SpringBootTestContextBootstrapper : Found @SpringBootConfiguration br.com.crudao.kanban.KanbanApplication for test class br.com.crudao.kanban.bdd.ConfiguracaoBdd
2026-09-03T16:35:28.604-03:00  INFO 19764 --- [kanban] [           main] b.c.crudao.kanban.tarefa.TarefaService   : Tarefa 59d0afb0-391f-48a9-adb4-db4515b25ebd criada no projeto cfe4a4b7-90b4-4634-9228-0d98f4c64f84
]]></system-out>
  </testcase>
  <testcase name="RF-005 - Observadores recebem notificacao interna na mudanca de etapa" classname="ExecutarCenariosDeAceiteTest" time="0.32">
    <system-out><![CDATA[2026-09-03T16:35:28.769-03:00  INFO 19764 --- [kanban] [           main] t.c.s.AnnotationConfigContextLoaderUtils : Could not detect default configuration classes for test class [br.com.crudao.kanban.bdd.ConfiguracaoBdd]: ConfiguracaoBdd does not declare any static, non-private, non-final, nested classes annotated with @Configuration.
2026-09-03T16:35:28.771-03:00  INFO 19764 --- [kanban] [           main] .b.t.c.SpringBootTestContextBootstrapper : Found @SpringBootConfiguration br.com.crudao.kanban.KanbanApplication for test class br.com.crudao.kanban.bdd.ConfiguracaoBdd
2026-09-03T16:35:28.842-03:00  INFO 19764 --- [kanban] [           main] b.c.crudao.kanban.tarefa.TarefaService   : Tarefa 0d2224ca-049e-49ac-8791-1352d428fff5 criada no projeto c2670ef9-c373-4e53-aa80-223fc31dc2f0
]]></system-out>
  </testcase>
  <testcase name="RF-006 - Detalhe da tarefa expoe tempo por etapa e total de impedimento" classname="ExecutarCenariosDeAceiteTest" time="0.286">
    <system-out><![CDATA[2026-09-03T16:35:29.088-03:00  INFO 19764 --- [kanban] [           main] t.c.s.AnnotationConfigContextLoaderUtils : Could not detect default configuration classes for test class [br.com.crudao.kanban.bdd.ConfiguracaoBdd]: ConfiguracaoBdd does not declare any static, non-private, non-final, nested classes annotated with @Configuration.
2026-09-03T16:35:29.090-03:00  INFO 19764 --- [kanban] [           main] .b.t.c.SpringBootTestContextBootstrapper : Found @SpringBootConfiguration br.com.crudao.kanban.KanbanApplication for test class br.com.crudao.kanban.bdd.ConfiguracaoBdd
2026-09-03T16:35:29.155-03:00  INFO 19764 --- [kanban] [           main] b.c.crudao.kanban.tarefa.TarefaService   : Tarefa 56641f92-fefc-4300-ac5e-89e1f47eb2d8 criada no projeto 4bb8f1ab-26b0-4e4b-85b6-3cb03fb68e8b
]]></system-out>
  </testcase>
  <testcase name="RF-007 - Dashboard expoe lead-time medio por etapa para o gestor" classname="ExecutarCenariosDeAceiteTest" time="0.254">
    <system-out><![CDATA[2026-09-03T16:35:29.375-03:00  INFO 19764 --- [kanban] [           main] t.c.s.AnnotationConfigContextLoaderUtils : Could not detect default configuration classes for test class [br.com.crudao.kanban.bdd.ConfiguracaoBdd]: ConfiguracaoBdd does not declare any static, non-private, non-final, nested classes annotated with @Configuration.
2026-09-03T16:35:29.376-03:00  INFO 19764 --- [kanban] [           main] .b.t.c.SpringBootTestContextBootstrapper : Found @SpringBootConfiguration br.com.crudao.kanban.KanbanApplication for test class br.com.crudao.kanban.bdd.ConfiguracaoBdd
2026-09-03T16:35:29.437-03:00  INFO 19764 --- [kanban] [           main] b.c.crudao.kanban.tarefa.TarefaService   : Tarefa ff99057b-7822-465d-bd78-889b6ac35924 criada no projeto b6fdaca4-973d-4420-b995-35fd0ba7acc4
]]></system-out>
  </testcase>
  <testcase name="RF-008 - Projeto finalizado fica somente leitura para todos, inclusive o administrador" classname="ExecutarCenariosDeAceiteTest" time="0.144">
    <system-out><![CDATA[2026-09-03T16:35:29.630-03:00  INFO 19764 --- [kanban] [           main] t.c.s.AnnotationConfigContextLoaderUtils : Could not detect default configuration classes for test class [br.com.crudao.kanban.bdd.ConfiguracaoBdd]: ConfiguracaoBdd does not declare any static, non-private, non-final, nested classes annotated with @Configuration.
2026-09-03T16:35:29.631-03:00  INFO 19764 --- [kanban] [           main] .b.t.c.SpringBootTestContextBootstrapper : Found @SpringBootConfiguration br.com.crudao.kanban.KanbanApplication for test class br.com.crudao.kanban.bdd.ConfiguracaoBdd
2026-09-03T16:35:29.689-03:00  INFO 19764 --- [kanban] [           main] b.c.crudao.kanban.tarefa.TarefaService   : Tarefa 8f08e299-cf86-425a-8984-9f979698d186 criada no projeto 86916db6-8a40-4645-9cc6-faddb70c8ebc
2026-09-03T16:35:29.736-03:00  INFO 19764 --- [kanban] [           main] b.c.c.kanban.projeto.ProjetoService      : Projeto 86916db6-8a40-4645-9cc6-faddb70c8ebc finalizado
2026-09-03T16:35:29.755-03:00  WARN 19764 --- [kanban] [           main] b.c.c.k.common.GlobalExceptionHandler    : Regra de negocio violada [PROJETO_FINALIZADO]: O projeto esta finalizado e nao aceita alteracoes. Reabra o projeto para editar.
2026-09-03T16:35:29.768-03:00  WARN 19764 --- [kanban] [           main] b.c.c.k.common.GlobalExceptionHandler    : Regra de negocio violada [PROJETO_FINALIZADO]: O projeto esta finalizado e nao aceita alteracoes. Reabra o projeto para editar.
]]></system-out>
  </testcase>
  <testcase name="RF-009 - Excluir workflow com tarefa ativa e bloqueado" classname="ExecutarCenariosDeAceiteTest" time="0.139">
    <system-out><![CDATA[2026-09-03T16:35:29.773-03:00  INFO 19764 --- [kanban] [           main] t.c.s.AnnotationConfigContextLoaderUtils : Could not detect default configuration classes for test class [br.com.crudao.kanban.bdd.ConfiguracaoBdd]: ConfiguracaoBdd does not declare any static, non-private, non-final, nested classes annotated with @Configuration.
2026-09-03T16:35:29.775-03:00  INFO 19764 --- [kanban] [           main] .b.t.c.SpringBootTestContextBootstrapper : Found @SpringBootConfiguration br.com.crudao.kanban.KanbanApplication for test class br.com.crudao.kanban.bdd.ConfiguracaoBdd
2026-09-03T16:35:29.836-03:00  INFO 19764 --- [kanban] [           main] b.c.crudao.kanban.tarefa.TarefaService   : Tarefa 5c39b9d0-9b19-4c15-b968-8f894ab1d515 criada no projeto ddab8267-f4fa-4d2b-becd-5949bbeeb5e5
2026-09-03T16:35:29.907-03:00  WARN 19764 --- [kanban] [           main] b.c.c.k.common.GlobalExceptionHandler    : Regra de negocio violada [RECURSO_POSSUI_TAREFAS_ATIVAS]: O workflow possui 1 tarefa(s) ativa(s) e nao pode ser excluido.
]]></system-out>
  </testcase>
  <testcase name="RF-010 - Etapa nao final exige ao menos uma transicao de saida, mas a final e isenta" classname="ExecutarCenariosDeAceiteTest" time="0.081">
    <system-out><![CDATA[2026-09-03T16:35:29.913-03:00  INFO 19764 --- [kanban] [           main] t.c.s.AnnotationConfigContextLoaderUtils : Could not detect default configuration classes for test class [br.com.crudao.kanban.bdd.ConfiguracaoBdd]: ConfiguracaoBdd does not declare any static, non-private, non-final, nested classes annotated with @Configuration.
2026-09-03T16:35:29.914-03:00  INFO 19764 --- [kanban] [           main] .b.t.c.SpringBootTestContextBootstrapper : Found @SpringBootConfiguration br.com.crudao.kanban.KanbanApplication for test class br.com.crudao.kanban.bdd.ConfiguracaoBdd
2026-09-03T16:35:29.970-03:00  WARN 19764 --- [kanban] [           main] b.c.c.k.common.GlobalExceptionHandler    : Regra de negocio violada [WORKFLOW_INVALIDO]: A etapa "Fazendo" nao possui nenhuma transicao de saida configurada.
]]></system-out>
  </testcase>
  <testcase name="RF-011 - Tarefas sao agrupadas pelas raias configuradas no board" classname="ExecutarCenariosDeAceiteTest" time="0.165">
    <system-out><![CDATA[2026-09-03T16:35:29.993-03:00  INFO 19764 --- [kanban] [           main] t.c.s.AnnotationConfigContextLoaderUtils : Could not detect default configuration classes for test class [br.com.crudao.kanban.bdd.ConfiguracaoBdd]: ConfiguracaoBdd does not declare any static, non-private, non-final, nested classes annotated with @Configuration.
2026-09-03T16:35:29.995-03:00  INFO 19764 --- [kanban] [           main] .b.t.c.SpringBootTestContextBootstrapper : Found @SpringBootConfiguration br.com.crudao.kanban.KanbanApplication for test class br.com.crudao.kanban.bdd.ConfiguracaoBdd
2026-09-03T16:35:30.046-03:00  INFO 19764 --- [kanban] [           main] b.c.crudao.kanban.tarefa.TarefaService   : Tarefa c65ed5f8-6448-49ff-bfbb-452140b1d1a2 criada no projeto 749efb35-846d-4f67-8051-e5a43be161a3
]]></system-out>
  </testcase>
  <testcase name="RF-012 - Desfinalizar retorna a tarefa apenas para uma etapa que leva a final" classname="ExecutarCenariosDeAceiteTest" time="0.565">
    <system-out><![CDATA[2026-09-03T16:35:30.158-03:00  INFO 19764 --- [kanban] [           main] t.c.s.AnnotationConfigContextLoaderUtils : Could not detect default configuration classes for test class [br.com.crudao.kanban.bdd.ConfiguracaoBdd]: ConfiguracaoBdd does not declare any static, non-private, non-final, nested classes annotated with @Configuration.
2026-09-03T16:35:30.160-03:00  INFO 19764 --- [kanban] [           main] .b.t.c.SpringBootTestContextBootstrapper : Found @SpringBootConfiguration br.com.crudao.kanban.KanbanApplication for test class br.com.crudao.kanban.bdd.ConfiguracaoBdd
2026-09-03T16:35:30.218-03:00  INFO 19764 --- [kanban] [           main] b.c.crudao.kanban.tarefa.TarefaService   : Tarefa f9645379-ae90-4560-8402-0cbca06ff277 criada no projeto 92336c9c-08b3-46b3-9ccc-0055417a2db7
2026-09-03T16:35:30.596-03:00  WARN 19764 --- [kanban] [           main] b.c.c.k.common.GlobalExceptionHandler    : Regra de negocio violada [TRANSICAO_NAO_PERMITIDA]: So e possivel desfinalizar retornando para uma etapa que leva diretamente a "Concluido".
]]></system-out>
  </testcase>
  <testcase name="RF-013 - Permissao e validada no backend independentemente do estado da interface" classname="ExecutarCenariosDeAceiteTest" time="0.04">
    <system-out><![CDATA[2026-09-03T16:35:30.723-03:00  INFO 19764 --- [kanban] [           main] t.c.s.AnnotationConfigContextLoaderUtils : Could not detect default configuration classes for test class [br.com.crudao.kanban.bdd.ConfiguracaoBdd]: ConfiguracaoBdd does not declare any static, non-private, non-final, nested classes annotated with @Configuration.
2026-09-03T16:35:30.725-03:00  INFO 19764 --- [kanban] [           main] .b.t.c.SpringBootTestContextBootstrapper : Found @SpringBootConfiguration br.com.crudao.kanban.KanbanApplication for test class br.com.crudao.kanban.bdd.ConfiguracaoBdd
2026-09-03T16:35:30.757-03:00  WARN 19764 --- [kanban] [           main] b.c.c.k.common.GlobalExceptionHandler    : Regra de negocio violada [PERMISSAO_NEGADA]: Voce nao tem permissao para executar esta acao neste projeto.
]]></system-out>
  </testcase>
  <testcase name="RF-014 - Sem token valido nao ha acesso: nao existe autenticacao local de fallback" classname="ExecutarCenariosDeAceiteTest" time="0.036">
    <system-out><![CDATA[2026-09-03T16:35:30.763-03:00  INFO 19764 --- [kanban] [           main] t.c.s.AnnotationConfigContextLoaderUtils : Could not detect default configuration classes for test class [br.com.crudao.kanban.bdd.ConfiguracaoBdd]: ConfiguracaoBdd does not declare any static, non-private, non-final, nested classes annotated with @Configuration.
2026-09-03T16:35:30.765-03:00  INFO 19764 --- [kanban] [           main] .b.t.c.SpringBootTestContextBootstrapper : Found @SpringBootConfiguration br.com.crudao.kanban.KanbanApplication for test class br.com.crudao.kanban.bdd.ConfiguracaoBdd
]]></system-out>
  </testcase>
  <testcase name="RF-015 - Associar usuario ao projeto com papel concede o acesso correspondente" classname="ExecutarCenariosDeAceiteTest" time="0.131">
    <system-out><![CDATA[2026-09-03T16:35:30.799-03:00  INFO 19764 --- [kanban] [           main] t.c.s.AnnotationConfigContextLoaderUtils : Could not detect default configuration classes for test class [br.com.crudao.kanban.bdd.ConfiguracaoBdd]: ConfiguracaoBdd does not declare any static, non-private, non-final, nested classes annotated with @Configuration.
2026-09-03T16:35:30.801-03:00  INFO 19764 --- [kanban] [           main] .b.t.c.SpringBootTestContextBootstrapper : Found @SpringBootConfiguration br.com.crudao.kanban.KanbanApplication for test class br.com.crudao.kanban.bdd.ConfiguracaoBdd
2026-09-03T16:35:30.833-03:00  WARN 19764 --- [kanban] [           main] b.c.c.k.common.GlobalExceptionHandler    : Regra de negocio violada [PERMISSAO_NEGADA]: Voce nao tem permissao para executar esta acao neste projeto.
]]></system-out>
  </testcase>
  <testcase name="RF-016 - Toggle desabilitado bloqueia a acao mesmo com papel permissivo" classname="ExecutarCenariosDeAceiteTest" time="0.12">
    <system-out><![CDATA[2026-09-03T16:35:30.931-03:00  INFO 19764 --- [kanban] [           main] t.c.s.AnnotationConfigContextLoaderUtils : Could not detect default configuration classes for test class [br.com.crudao.kanban.bdd.ConfiguracaoBdd]: ConfiguracaoBdd does not declare any static, non-private, non-final, nested classes annotated with @Configuration.
2026-09-03T16:35:30.933-03:00  INFO 19764 --- [kanban] [           main] .b.t.c.SpringBootTestContextBootstrapper : Found @SpringBootConfiguration br.com.crudao.kanban.KanbanApplication for test class br.com.crudao.kanban.bdd.ConfiguracaoBdd
2026-09-03T16:35:30.989-03:00  INFO 19764 --- [kanban] [           main] b.c.crudao.kanban.tarefa.TarefaService   : Tarefa e733432e-d1fd-404c-8d1e-7f18ea681b90 criada no projeto 82e75046-1bcf-40c9-bca5-683c60fefd0e
2026-09-03T16:35:31.046-03:00  WARN 19764 --- [kanban] [           main] b.c.c.k.common.GlobalExceptionHandler    : Regra de negocio violada [PERMISSAO_NEGADA]: Esta acao esta desabilitada para o seu papel na configuracao do projeto.
]]></system-out>
  </testcase>
  <testcase name="RF-017 - Historico registra autor, valor anterior, valor novo e momento" classname="ExecutarCenariosDeAceiteTest" time="0.238">
    <system-out><![CDATA[2026-09-03T16:35:31.052-03:00  INFO 19764 --- [kanban] [           main] t.c.s.AnnotationConfigContextLoaderUtils : Could not detect default configuration classes for test class [br.com.crudao.kanban.bdd.ConfiguracaoBdd]: ConfiguracaoBdd does not declare any static, non-private, non-final, nested classes annotated with @Configuration.
2026-09-03T16:35:31.053-03:00  INFO 19764 --- [kanban] [           main] .b.t.c.SpringBootTestContextBootstrapper : Found @SpringBootConfiguration br.com.crudao.kanban.KanbanApplication for test class br.com.crudao.kanban.bdd.ConfiguracaoBdd
2026-09-03T16:35:31.101-03:00  INFO 19764 --- [kanban] [           main] b.c.crudao.kanban.tarefa.TarefaService   : Tarefa 13f1538b-1c99-4465-a4a7-90227ead884a criada no projeto d48c6d55-63b9-4e65-b000-8339ceea5890
]]></system-out>
  </testcase>
  <testcase name="RF-018 - Card criado pelo board nasce sem responsavel, na etapa de menor ordem e na raia padrao" classname="ExecutarCenariosDeAceiteTest" time="0.098">
    <system-out><![CDATA[2026-09-03T16:35:31.291-03:00  INFO 19764 --- [kanban] [           main] t.c.s.AnnotationConfigContextLoaderUtils : Could not detect default configuration classes for test class [br.com.crudao.kanban.bdd.ConfiguracaoBdd]: ConfiguracaoBdd does not declare any static, non-private, non-final, nested classes annotated with @Configuration.
2026-09-03T16:35:31.293-03:00  INFO 19764 --- [kanban] [           main] .b.t.c.SpringBootTestContextBootstrapper : Found @SpringBootConfiguration br.com.crudao.kanban.KanbanApplication for test class br.com.crudao.kanban.bdd.ConfiguracaoBdd
2026-09-03T16:35:31.349-03:00  INFO 19764 --- [kanban] [           main] b.c.crudao.kanban.tarefa.TarefaService   : Tarefa 25afaebc-43ff-4094-b6da-e843087da82d criada no projeto 3792bc62-f172-437c-a9d4-300cf2ff04ed
]]></system-out>
  </testcase>
  <testcase name="RF-019 - Excluir card emite TAREFA_EXCLUIDA e reflete no board em ate 2 segundos" classname="ExecutarCenariosDeAceiteTest" time="0.18">
    <system-out><![CDATA[2026-09-03T16:35:31.389-03:00  INFO 19764 --- [kanban] [           main] t.c.s.AnnotationConfigContextLoaderUtils : Could not detect default configuration classes for test class [br.com.crudao.kanban.bdd.ConfiguracaoBdd]: ConfiguracaoBdd does not declare any static, non-private, non-final, nested classes annotated with @Configuration.
2026-09-03T16:35:31.390-03:00  INFO 19764 --- [kanban] [           main] .b.t.c.SpringBootTestContextBootstrapper : Found @SpringBootConfiguration br.com.crudao.kanban.KanbanApplication for test class br.com.crudao.kanban.bdd.ConfiguracaoBdd
2026-09-03T16:35:31.443-03:00  INFO 19764 --- [kanban] [           main] b.c.crudao.kanban.tarefa.TarefaService   : Tarefa 5f66be5e-7430-4d4b-b70e-92b6cd812f9d criada no projeto aadd4bf2-a9d7-4fc8-a83e-8744a3a3549b
2026-09-03T16:35:31.552-03:00  INFO 19764 --- [kanban] [           main] b.c.crudao.kanban.tarefa.TarefaService   : Tarefa 5f66be5e-7430-4d4b-b70e-92b6cd812f9d excluida por 266c5c70-72af-4758-8da2-4400c03f7064
]]></system-out>
  </testcase>
</testsuite>