<?xml version="1.0" encoding="UTF-8"?>
<testsuite xmlns:xsi="http://www.w3.org/2001/XMLSchema-instance" xsi:noNamespaceSchemaLocation="https://maven.apache.org/surefire/maven-surefire-plugin/xsd/surefire-test-report.xsd" version="3.0.2" name="br.com.crudao.kanban.projeto.ProjetoToggleServiceTest" time="0.127" tests="7" errors="0" skipped="0" failures="0" flakes="0">
  <properties>
[...]
</properties>
  <testcase name="atualizarSomenteAsInformadas" classname="br.com.crudao.kanban.projeto.ProjetoToggleServiceTest" time="0.086"/>
  <testcase name="listarDelega" classname="br.com.crudao.kanban.projeto.ProjetoToggleServiceTest" time="0.004"/>
  <testcase name="obterComoMapa" classname="br.com.crudao.kanban.projeto.ProjetoToggleServiceTest" time="0.016"/>
  <testcase name="habilitadoPadrao" classname="br.com.crudao.kanban.projeto.ProjetoToggleServiceTest" time="0.0"/>
  <testcase name="habilitadoPersistido" classname="br.com.crudao.kanban.projeto.ProjetoToggleServiceTest" time="0.0"/>
  <testcase name="obterUsaDefaultsESobrepoe" classname="br.com.crudao.kanban.projeto.ProjetoToggleServiceTest" time="0.011"/>
  <testcase name="criarDefaults" classname="br.com.crudao.kanban.projeto.ProjetoToggleServiceTest" time="0.007"/>
</testsuite>