<?xml version="1.0" encoding="UTF-8" standalone="yes"?><!DOCTYPE report PUBLIC "-//JACOCO//DTD Report 1.1//EN" "report.dtd"><report name="kanban"><sessioninfo id="REACH-faf9ddf3" start="1788464101909" dump="1788464131741"/><sessioninfo id="REACH-b2c872ff" start="1788464134804" dump="1788464154884"/><package name="br/com/crudao/kanban/security"><class name="br/com/crudao/kanban/security/UsuarioProvisioningService" sourcefilename="UsuarioProvisioningService.java"><method name="&lt;init&gt;" desc="(Lbr/com/crudao/kanban/rbac/UsuarioRepository;Ljava/lang/String;)V" line="25"><counter type="INSTRUCTION" missed="0" covered="9"/><counter type="LINE" missed="0" covered="4"/><counter type="COMPLEXITY" missed="0" covered="1"/><counter type="METHOD" missed="0" covered="1"/></method><method name="provisionar" desc="(Lorg/springframework/security/oauth2/jwt/Jwt;)Lbr/com/crudao/kanban/rbac/Usuario;" line="36"><counter type="INSTRUCTION" missed="0" covered="51"/><counter type="BRANCH" missed="0" covered="6"/><counter type="LINE" missed="0" covered="11"/><counter type="COMPLEXITY" missed="0" covered="4"/><counter type="METHOD" missed="0" covered="1"/></method><method name="papelInicial" desc="()Ljava/lang/String;" line="65"><counter type="INSTRUCTION" missed="0" covered="2"/><counter type="LINE" missed="0" covered="1"/><counter type="COMPLEXITY" missed="0" covered="1"/><counter type="METHOD" missed="0" covered="1"/></method><method name="lambda$provisionar$0" desc="(Ljava/lang/String;Ljava/lang/String;Ljava/lang/String;)Lbr/com/crudao/kanban/rbac/Usuario;" line="45"><counter type="INSTRUCTION" missed="0" covered="22"/><counter type="BRANCH" missed="0" covered="2"/><counter type="LINE" missed="0" covered="8"/><counter type="COMPLEXITY" missed="0" covered="2"/><counter type="METHOD" missed="0" covered="1"/></method><method name="&lt;clinit&gt;" desc="()V" line="16"><counter type="INSTRUCTION" missed="0" covered="4"/><counter type="LINE" missed="0" covered="1"/><counter type="COMPLEXITY" missed="0" covered="1"/><counter type="METHOD" missed="0" covered="1"/></method><counter type="INSTRUCTION" missed="0" covered="88"/><counter type="BRANCH" missed="0" covered="8"/><counter type="LINE" missed="0" covered="25"/><counter type="COMPLEXITY" missed="0" covered="9"/><counter type="METHOD" missed="0" covered="5"/><counter type="CLASS" missed="0" covered="1"/></class><class name="br/com/crudao/kanban/security/PermissaoGuard" sourcefilename="PermissaoGuard.java"><method name="usuarioAtual" desc="()Lbr/com/crudao/kanban/rbac/Usuario;" line="38"><counter type="INSTRUCTION" missed="0" covered="4"/><counter type="LINE" missed="0" covered="1"/><counter type="COMPLEXITY" missed="0" covered="1"/><counter type="METHOD" missed="0" covered="1"/></method><method name="exigir" desc="(Ljava/lang/String;Ljava/util/UUID;)V" line="44"><counter type="INSTRUCTION" missed="0" covered="22"/><counter type="BRANCH" missed="0" covered="4"/><counter type="LINE" missed="0" covered="6"/><counter type="COMPLEXITY" missed="0" covered="3"/><counter type="METHOD" missed="0" covered="1"/></method><method name="exigirToggle" desc="(Lbr/com/crudao/kanban/projeto/ChaveToggle;Ljava/util/UUID;Ljava/lang/String;)V" line="60"><counter type="INSTRUCTION" missed="1" covered="40"/><counter type="BRANCH" missed="2" covered="6"/><counter type="LINE" missed="1" covered="9"/><counter type="COMPLEXITY" missed="2" covered="3"/><counter type="METHOD" missed="0" covered="1"/></method><method name="exigirProjetoAtivo" desc="(Ljava/util/UUID;)V" line="78"><counter type="INSTRUCTION" missed="0" covered="11"/><counter type="BRANCH" missed="0" covered="2"/><counter type="LINE" missed="0" covered="3"/><counter type="COMPLEXITY" missed="0" covered="2"/><counter type="METHOD" missed="0" covered="1"/></method><method name="membro" desc="(Ljava/util/UUID;)Z" line="86"><counter type="INSTRUCTION" missed="17" covered="0"/><counter type="BRANCH" missed="4" covered="0"/><counter type="LINE" missed="2" covered="0"/><counter type="COMPLEXITY" missed="3" covered="0"/><counter type="METHOD" missed="1" covered="0"/></method><method name="permissoesEfetivas" desc="(Ljava/util/UUID;)Ljava/util/Set;" line="92"><counter type="INSTRUCTION" missed="0" covered="15"/><counter type="BRANCH" missed="0" covered="2"/><counter type="LINE" missed="0" covered="4"/><counter type="COMPLEXITY" missed="0" covered="2"/><counter type="METHOD" missed="0" covered="1"/></method><method name="possui" desc="(Ljava/lang/String;Ljava/util/UUID;)Z" line="101"><counter type="INSTRUCTION" missed="0" covered="19"/><counter type="BRANCH" missed="1" covered="3"/><counter type="LINE" missed="0" covered="3"/><counter type="COMPLEXITY" missed="1" covered="2"/><counter type="METHOD" missed="0" covered="1"/></method><method name="papeisNoProjeto" desc="(Ljava/util/UUID;)Ljava/util/Set;" line="108"><counter type="INSTRUCTION" missed="0" covered="8"/><counter type="LINE" missed="0" covered="1"/><counter type="COMPLEXITY" missed="0" covered="1"/><counter type="METHOD" missed="0" covered="1"/></method><method name="toggleHabilitado" desc="(Ljava/util/UUID;Lbr/com/crudao/kanban/projeto/ChaveToggle;)Z" line="113"><counter type="INSTRUCTION" missed="0" covered="14"/><counter type="LINE" missed="0" covered="4"/><counter type="COMPLEXITY" missed="0" covered="1"/><counter type="METHOD" missed="0" covered="1"/></method><method name="projeto" desc="(Ljava/util/UUID;)Lbr/com/crudao/kanban/projeto/Projeto;" line="120"><counter type="INSTRUCTION" missed="0" covered="9"/><counter type="LINE" missed="0" covered="3"/><counter type="COMPLEXITY" missed="0" covered="1"/><counter type="METHOD" missed="0" covered="1"/></method><method name="lambda$projeto$0" desc="(Ljava/util/UUID;)Lbr/com/crudao/kanban/common/RecursoNaoEncontradoException;" line="122"><counter type="INSTRUCTION" missed="4" covered="0"/><counter type="LINE" missed="1" covered="0"/><counter type="COMPLEXITY" missed="1" covered="0"/><counter type="METHOD" missed="1" covered="0"/></method><counter type="INSTRUCTION" missed="22" covered="142"/><counter type="BRANCH" missed="7" covered="17"/><counter type="LINE" missed="3" covered="34"/><counter type="COMPLEXITY" missed="7" covered="16"/><counter type="METHOD" missed="2" covered="9"/><counter type="CLASS" missed="0" covered="1"/></class><class name="br/com/crudao/kanban/security/PermissaoAspect" sourcefilename="PermissaoAspect.java"><method name="&lt;init&gt;" desc="(Lbr/com/crudao/kanban/security/PermissaoGuard;Lbr/com/crudao/kanban/security/EscopoProjetoResolver;)V" line="27"><counter type="INSTRUCTION" missed="0" covered="19"/><counter type="LINE" missed="0" covered="6"/><counter type="COMPLEXITY" missed="0" covered="1"/><counter type="METHOD" missed="0" covered="1"/></method><method name="verificar" desc="(Lorg/aspectj/lang/ProceedingJoinPoint;Lbr/com/crudao/kanban/security/ExigePermissao;)Ljava/lang/Object;" line="38"><counter type="INSTRUCTION" missed="0" covered="22"/><counter type="BRANCH" missed="0" covered="2"/><counter type="LINE" missed="0" covered="5"/><counter type="COMPLEXITY" missed="0" covered="2"/><counter type="METHOD" missed="0" covered="1"/></method><method name="resolverProjeto" desc="(Lorg/aspectj/lang/ProceedingJoinPoint;Ljava/lang/String;)Ljava/util/UUID;" line="49"><counter type="INSTRUCTION" missed="14" covered="38"/><counter type="BRANCH" missed="3" covered="1"/><counter type="LINE" missed="3" covered="8"/><counter type="COMPLEXITY" missed="2" covered="1"/><counter type="METHOD" missed="0" covered="1"/></method><counter type="INSTRUCTION" missed="14" covered="79"/><counter type="BRANCH" missed="3" covered="3"/><counter type="LINE" missed="3" covered="19"/><counter type="COMPLEXITY" missed="2" covered="4"/><counter type="METHOD" missed="0" covered="3"/><counter type="CLASS" missed="0" covered="1"/></class><class name="br/com/crudao/kanban/security/UsuarioAtualProvider" sourcefilename="UsuarioAtualProvider.java"><method name="obrigatorio" desc="()Lbr/com/crudao/kanban/rbac/Usuario;" line="20"><counter type="INSTRUCTION" missed="5" covered="19"/><counter type="BRANCH" missed="1" covered="1"/><counter type="LINE" missed="1" covered="4"/><counter type="COMPLEXITY" missed="1" covered="1"/><counter type="METHOD" missed="0" covered="1"/></method><counter type="INSTRUCTION" missed="5" covered="19"/><counter type="BRANCH" missed="1" covered="1"/><counter type="LINE" missed="1" covered="4"/><counter type="COMPLEXITY" missed="1" covered="1"/><counter type="METHOD" missed="0" covered="1"/><counter type="CLASS" missed="0" covered="1"/></class><class name="br/com/crudao/kanban/security/ExigePermissao" sourcefilename="ExigePermissao.java"/><class name="br/com/crudao/kanban/security/EscopoProjetoResolver" sourcefilename="EscopoProjetoResolver.java"><method name="deProjeto" desc="(Ljava/util/UUID;)Ljava/util/UUID;" line="30"><counter type="INSTRUCTION" missed="0" covered="2"/><counter type="LINE" missed="0" covered="1"/><counter type="COMPLEXITY" missed="0" covered="1"/><counter type="METHOD" missed="0" covered="1"/></method><method name="deTarefa" desc="(Ljava/util/UUID;)Ljava/util/UUID;" line="35"><counter type="INSTRUCTION" missed="0" covered="10"/><counter type="LINE" missed="0" covered="4"/><counter type="COMPLEXITY" missed="0" covered="1"/><counter type="METHOD" missed="0" covered="1"/></method><method name="deWorkflow" desc="(Ljava/util/UUID;)Ljava/util/UUID;" line="43"><counter type="INSTRUCTION" missed="0" covered="10"/><counter type="LINE" missed="0" covered="4"/><counter type="COMPLEXITY" missed="0" covered="1"/><counter type="METHOD" missed="0" covered="1"/></method><method name="deEtapa" desc="(Ljava/util/UUID;)Ljava/util/UUID;" line="51"><counter type="INSTRUCTION" missed="14" covered="0"/><counter type="LINE" missed="5" covered="0"/><counter type="COMPLEXITY" missed="1" covered="0"/><counter type="METHOD" missed="1" covered="0"/></method><method name="deRaia" desc="(Ljava/util/UUID;)Ljava/util/UUID;" line="61"><counter type="INSTRUCTION" missed="10" covered="0"/><counter type="LINE" missed="4" covered="0"/><counter type="COMPLEXITY" missed="1" covered="0"/><counter type="METHOD" missed="1" covered="0"/></method><method name="deNotificacao" desc="(Ljava/util/UUID;)Ljava/util/UUID;" line="69"><counter type="INSTRUCTION" missed="10" covered="0"/><counter type="LINE" missed="4" covered="0"/><counter type="COMPLEXITY" missed="1" covered="0"/><counter type="METHOD" missed="1" covered="0"/></method><method name="lambda$deNotificacao$4" desc="(Ljava/util/UUID;)Lbr/com/crudao/kanban/common/RecursoNaoEncontradoException;" line="71"><counter type="INSTRUCTION" missed="4" covered="0"/><counter type="LINE" missed="1" covered="0"/><counter type="COMPLEXITY" missed="1" covered="0"/><counter type="METHOD" missed="1" covered="0"/></method><method name="lambda$deRaia$3" desc="(Ljava/util/UUID;)Lbr/com/crudao/kanban/common/RecursoNaoEncontradoException;" line="63"><counter type="INSTRUCTION" missed="4" covered="0"/><counter type="LINE" missed="1" covered="0"/><counter type="COMPLEXITY" missed="1" covered="0"/><counter type="METHOD" missed="1" covered="0"/></method><method name="lambda$deEtapa$2" desc="(Ljava/util/UUID;)Lbr/com/crudao/kanban/common/RecursoNaoEncontradoException;" line="54"><counter type="INSTRUCTION" missed="4" covered="0"/><counter type="LINE" missed="1" covered="0"/><counter type="COMPLEXITY" missed="1" covered="0"/><counter type="METHOD" missed="1" covered="0"/></method><method name="lambda$deWorkflow$1" desc="(Ljava/util/UUID;)Lbr/com/crudao/kanban/common/RecursoNaoEncontradoException;" line="45"><counter type="INSTRUCTION" missed="4" covered="0"/><counter type="LINE" missed="1" covered="0"/><counter type="COMPLEXITY" missed="1" covered="0"/><counter type="METHOD" missed="1" covered="0"/></method><method name="lambda$deTarefa$0" desc="(Ljava/util/UUID;)Lbr/com/crudao/kanban/common/RecursoNaoEncontradoException;" line="37"><counter type="INSTRUCTION" missed="4" covered="0"/><counter type="LINE" missed="1" covered="0"/><counter type="COMPLEXITY" missed="1" covered="0"/><counter type="METHOD" missed="1" covered="0"/></method><counter type="INSTRUCTION" missed="54" covered="22"/><counter type="LINE" missed="13" covered="9"/><counter type="COMPLEXITY" missed="8" covered="3"/><counter type="METHOD" missed="8" covered="3"/><counter type="CLASS" missed="0" covered="1"/></class><sourcefile name="PermissaoAspect.java"><line nr="27" mi="0" ci="5" mb="0" cb="0"/><line nr="28" mi="0" ci="5" mb="0" cb="0"/><line nr="30" mi="0" ci="2" mb="0" cb="0"/><line nr="31" mi="0" ci="3" mb="0" cb="0"/><line nr="32" mi="0" ci="3" mb="0" cb="0"/><line nr="33" mi="0" ci="1" mb="0" cb="0"/><line nr="38" mi="0" ci="6" mb="0" cb="0"/><line nr="40" mi="0" ci="6" mb="0" cb="0"/><line nr="42" mi="0" ci="3" mb="0" cb="2"/><line nr="43" mi="0" ci="4" mb="0" cb="0"/><line nr="45" mi="0" ci="3" mb="0" cb="0"/><line nr="49" mi="0" ci="4" mb="0" cb="0"/><line nr="50" mi="0" ci="3" mb="0" cb="0"/><line nr="52" mi="0" ci="3" mb="0" cb="0"/><line nr="54" mi="0" ci="8" mb="0" cb="0"/><line nr="55" mi="0" ci="5" mb="0" cb="0"/><line nr="57" mi="0" ci="7" mb="0" cb="0"/><line nr="58" mi="0" ci="6" mb="1" cb="1"/><line nr="59" mi="0" ci="2" mb="0" cb="0"/><line nr="61" mi="6" ci="0" mb="2" cb="0"/><line nr="62" mi="3" ci="0" mb="0" cb="0"/><line nr="64" mi="5" ci="0" mb="0" cb="0"/><counter type="INSTRUCTION" missed="14" covered="79"/><counter type="BRANCH" missed="3" covered="3"/><counter type="LINE" missed="3" covered="19"/><counter type="COMPLEXITY" missed="2" covered="4"/><counter type="METHOD" missed="0" covered="3"/><counter type="CLASS" missed="0" covered="1"/></sourcefile><sourcefile name="UsuarioProvisioningService.java"><line nr="16" mi="0" ci="4" mb="0" cb="0"/><line nr="25" mi="0" ci="2" mb="0" cb="0"/><line nr="26" mi="0" ci="3" mb="0" cb="0"/><line nr="27" mi="0" ci="3" mb="0" cb="0"/><line nr="28" mi="0" ci="1" mb="0" cb="0"/><line nr="36" mi="0" ci="3" mb="0" cb="0"/><line nr="37" mi="0" ci="4" mb="0" cb="0"/><line nr="38" mi="0" ci="4" mb="0" cb="0"/><line nr="40" mi="0" ci="3" mb="0" cb="0"/><line nr="42" mi="0" ci="6" mb="0" cb="0"/><line nr="43" mi="0" ci="3" mb="0" cb="0"/><line nr="45" mi="0" ci="3" mb="0" cb="0"/><line nr="46" mi="0" ci="5" mb="0" cb="0"/><line nr="47" mi="0" ci="2" mb="0" cb="0"/><line nr="48" mi="0" ci="2" mb="0" cb="0"/><line nr="49" mi="0" ci="1" mb="0" cb="0"/><line nr="50" mi="0" ci="7" mb="0" cb="2"/><line nr="51" mi="0" ci="1" mb="0" cb="0"/><line nr="52" mi="0" ci="1" mb="0" cb="0"/><line nr="55" mi="0" ci="12" mb="0" cb="6"/><line nr="56" mi="0" ci="3" mb="0" cb="0"/><line nr="57" mi="0" ci="6" mb="0" cb="0"/><line nr="58" mi="0" ci="5" mb="0" cb="0"/><line nr="60" mi="0" ci="2" mb="0" cb="0"/><line nr="65" mi="0" ci="2" mb="0" cb="0"/><counter type="INSTRUCTION" missed="0" covered="88"/><counter type="BRANCH" missed="0" covered="8"/><counter type="LINE" missed="0" covered="25"/><counter type="COMPLEXITY" missed="0" covered="9"/><counter type="METHOD" missed="0" covered="5"/><counter type="CLASS" missed="0" covered="1"/></sourcefile><sourcefile name="PermissaoGuard.java"><line nr="38" mi="0" ci="4" mb="0" cb="0"/><line nr="44" mi="0" ci="3" mb="0" cb="0"/><line nr="45" mi="0" ci="3" mb="0" cb="2"/><line nr="46" mi="0" ci="1" mb="0" cb="0"/><line nr="48" mi="0" ci="9" mb="0" cb="2"/><line nr="49" mi="0" ci="5" mb="0" cb="0"/><line nr="52" mi="0" ci="1" mb="0" cb="0"/><line nr="60" mi="0" ci="3" mb="0" cb="0"/><line nr="61" mi="0" ci="3" mb="1" cb="1"/><line nr="62" mi="1" ci="0" mb="0" cb="0"/><line nr="64" mi="0" ci="7" mb="0" cb="0"/><line nr="65" mi="0" ci="9" mb="0" cb="0"/><line nr="66" mi="0" ci="6" mb="1" cb="3"/><line nr="67" mi="0" ci="1" mb="0" cb="0"/><line nr="69" mi="0" ci="5" mb="0" cb="2"/><line nr="70" mi="0" ci="5" mb="0" cb="0"/><line nr="73" mi="0" ci="1" mb="0" cb="0"/><line nr="78" mi="0" ci="5" mb="0" cb="2"/><line nr="79" mi="0" ci="5" mb="0" cb="0"/><line nr="82" mi="0" ci="1" mb="0" cb="0"/><line nr="86" mi="3" ci="0" mb="0" cb="0"/><line nr="87" mi="14" ci="0" mb="4" cb="0"/><line nr="92" mi="0" ci="3" mb="0" cb="0"/><line nr="93" mi="0" ci="3" mb="0" cb="2"/><line nr="94" mi="0" ci="2" mb="0" cb="0"/><line nr="96" mi="0" ci="7" mb="0" cb="0"/><line nr="101" mi="0" ci="3" mb="0" cb="0"/><line nr="102" mi="0" ci="7" mb="1" cb="1"/><line nr="103" mi="0" ci="9" mb="0" cb="2"/><line nr="108" mi="0" ci="8" mb="0" cb="0"/><line nr="113" mi="0" ci="5" mb="0" cb="0"/><line nr="114" mi="0" ci="2" mb="0" cb="0"/><line nr="115" mi="0" ci="2" mb="0" cb="0"/><line nr="116" mi="0" ci="5" mb="0" cb="0"/><line nr="120" mi="0" ci="4" mb="0" cb="0"/><line nr="121" mi="0" ci="3" mb="0" cb="0"/><line nr="122" mi="4" ci="2" mb="0" cb="0"/><counter type="INSTRUCTION" missed="22" covered="142"/><counter type="BRANCH" missed="7" covered="17"/><counter type="LINE" missed="3" covered="34"/><counter type="COMPLEXITY" missed="7" covered="16"/><counter type="METHOD" missed="2" covered="9"/><counter type="CLASS" missed="0" covered="1"/></sourcefile><sourcefile name="UsuarioAtualProvider.java"><line nr="20" mi="0" ci="3" mb="0" cb="0"/><line nr="21" mi="0" ci="7" mb="1" cb="1"/><line nr="22" mi="5" ci="0" mb="0" cb="0"/><line nr="24" mi="0" ci="4" mb="0" cb="0"/><line nr="25" mi="0" ci="5" mb="0" cb="0"/><counter type="INSTRUCTION" missed="5" covered="19"/><counter type="BRANCH" missed="1" covered="1"/><counter type="LINE" missed="1" covered="4"/><counter type="COMPLEXITY" missed="1" covered="1"/><counter type="METHOD" missed="0" covered="1"/><counter type="CLASS" missed="0" covered="1"/></sourcefile><sourcefile name="ExigePermissao.java"/><sourcefile name="EscopoProjetoResolver.java"><line nr="30" mi="0" ci="2" mb="0" cb="0"/><line nr="35" mi="0" ci="4" mb="0" cb="0"/><line nr="36" mi="0" ci="3" mb="0" cb="0"/><line nr="37" mi="4" ci="2" mb="0" cb="0"/><line nr="38" mi="0" ci="1" mb="0" cb="0"/><line nr="43" mi="0" ci="4" mb="0" cb="0"/><line nr="44" mi="0" ci="3" mb="0" cb="0"/><line nr="45" mi="4" ci="2" mb="0" cb="0"/><line nr="46" mi="0" ci="1" mb="0" cb="0"/><line nr="51" mi="3" ci="0" mb="0" cb="0"/><line nr="53" mi="3" ci="0" mb="0" cb="0"/><line nr="54" mi="6" ci="0" mb="0" cb="0"/><line nr="55" mi="2" ci="0" mb="0" cb="0"/><line nr="56" mi="4" ci="0" mb="0" cb="0"/><line nr="61" mi="4" ci="0" mb="0" cb="0"/><line nr="62" mi="3" ci="0" mb="0" cb="0"/><line nr="63" mi="6" ci="0" mb="0" cb="0"/><line nr="64" mi="1" ci="0" mb="0" cb="0"/><line nr="69" mi="4" ci="0" mb="0" cb="0"/><line nr="70" mi="3" ci="0" mb="0" cb="0"/><line nr="71" mi="6" ci="0" mb="0" cb="0"/><line nr="72" mi="1" ci="0" mb="0" cb="0"/><counter type="INSTRUCTION" missed="54" covered="22"/><counter type="LINE" missed="13" covered="9"/><counter type="COMPLEXITY" missed="8" covered="3"/><counter type="METHOD" missed="8" covered="3"/><counter type="CLASS" missed="0" covered="1"/></sourcefile><counter type="INSTRUCTION" missed="95" covered="350"/><counter type="BRANCH" missed="11" covered="29"/><counter type="LINE" missed="20" covered="91"/><counter type="COMPLEXITY" missed="18" covered="33"/><counter type="METHOD" missed="10" covered="21"/><counter type="CLASS" missed="0" covered="5"/></package><package name="br/com/crudao/kanban/projeto"><class name="br/com/crudao/kanban/projeto/ProjetoController" sourcefilename="ProjetoController.java"><method name="listar" desc="()Lorg/springframework/http/ResponseEntity;" line="39"><counter type="INSTRUCTION" missed="11" covered="0"/><counter type="LINE" missed="3" covered="0"/><counter type="COMPLEXITY" missed="1" covered="0"/><counter type="METHOD" missed="1" covered="0"/></method><method name="criar" desc="(Lbr/com/crudao/kanban/projeto/dto/CriarProjetoRequest;)Lorg/springframework/http/ResponseEntity;" line="50"><counter type="INSTRUCTION" missed="20" covered="0"/><counter type="LINE" missed="3" covered="0"/><counter type="COMPLEXITY" missed="1" covered="0"/><counter type="METHOD" missed="1" covered="0"/></method><method name="buscar" desc="(Ljava/util/UUID;)Lorg/springframework/http/ResponseEntity;" line="61"><counter type="INSTRUCTION" missed="9" covered="0"/><counter type="LINE" missed="1" covered="0"/><counter type="COMPLEXITY" missed="1" covered="0"/><counter type="METHOD" missed="1" covered="0"/></method><method name="atualizar" desc="(Ljava/util/UUID;Lbr/com/crudao/kanban/projeto/dto/AtualizarProjetoRequest;)Lorg/springframework/http/ResponseEntity;" line="68"><counter type="INSTRUCTION" missed="10" covered="0"/><counter type="LINE" missed="1" covered="0"/><counter type="COMPLEXITY" missed="1" covered="0"/><counter type="METHOD" missed="1" covered="0"/></method><method name="finalizar" desc="(Ljava/util/UUID;)Lorg/springframework/http/ResponseEntity;" line="82"><counter type="INSTRUCTION" missed="0" covered="9"/><counter type="LINE" missed="0" covered="1"/><counter type="COMPLEXITY" missed="0" covered="1"/><counter type="METHOD" missed="0" covered="1"/></method><method name="reabrir" desc="(Ljava/util/UUID;)Lorg/springframework/http/ResponseEntity;" line="91"><counter type="INSTRUCTION" missed="9" covered="0"/><counter type="LINE" missed="1" covered="0"/><counter type="COMPLEXITY" missed="1" covered="0"/><counter type="METHOD" missed="1" covered="0"/></method><method name="excluir" desc="(Ljava/util/UUID;)Lorg/springframework/http/ResponseEntity;" line="97"><counter type="INSTRUCTION" missed="7" covered="0"/><counter type="LINE" missed="2" covered="0"/><counter type="COMPLEXITY" missed="1" covered="0"/><counter type="METHOD" missed="1" covered="0"/></method><method name="permissoes" desc="(Ljava/util/UUID;)Lorg/springframework/http/ResponseEntity;" line="104"><counter type="INSTRUCTION" missed="6" covered="0"/><counter type="LINE" missed="1" covered="0"/><counter type="COMPLEXITY" missed="1" covered="0"/><counter type="METHOD" missed="1" covered="0"/></method><counter type="INSTRUCTION" missed="72" covered="9"/><counter type="LINE" missed="12" covered="1"/><counter type="COMPLEXITY" missed="7" covered="1"/><counter type="METHOD" missed="7" covered="1"/><counter type="CLASS" missed="0" covered="1"/></class><class name="br/com/crudao/kanban/projeto/ProjetoToggleRepository" sourcefilename="ProjetoToggleRepository.java"/><class name="br/com/crudao/kanban/projeto/Projeto$ProjetoBuilder" sourcefilename="Projeto.java"/><class name="br/com/crudao/kanban/projeto/StatusProjeto" sourcefilename="StatusProjeto.java"><method name="&lt;clinit&gt;" desc="()V" line="3"><counter type="INSTRUCTION" missed="0" covered="15"/><counter type="LINE" missed="0" covered="3"/><counter type="COMPLEXITY" missed="0" covered="1"/><counter type="METHOD" missed="0" covered="1"/></method><counter type="INSTRUCTION" missed="0" covered="15"/><counter type="LINE" missed="0" covered="3"/><counter type="COMPLEXITY" missed="0" covered="1"/><counter type="METHOD" missed="0" covered="1"/><counter type="CLASS" missed="0" covered="1"/></class><class name="br/com/crudao/kanban/projeto/ProjetoMapper" sourcefilename="ProjetoMapper.java"/><class name="br/com/crudao/kanban/projeto/Projeto" sourcefilename="Projeto.java"><method name="isAtivo" desc="()Z" line="54"><counter type="INSTRUCTION" missed="0" covered="8"/><counter type="BRANCH" missed="0" covered="2"/><counter type="LINE" missed="0" covered="1"/><counter type="COMPLEXITY" missed="0" covered="2"/><counter type="METHOD" missed="0" covered="1"/></method><counter type="INSTRUCTION" missed="0" covered="8"/><counter type="BRANCH" missed="0" covered="2"/><counter type="LINE" missed="0" covered="1"/><counter type="COMPLEXITY" missed="0" covered="2"/><counter type="METHOD" missed="0" covered="1"/><counter type="CLASS" missed="0" covered="1"/></class><class name="br/com/crudao/kanban/projeto/ProjetoService" sourcefilename="ProjetoService.java"><method name="criar" desc="(Lbr/com/crudao/kanban/projeto/dto/CriarProjetoRequest;Lbr/com/crudao/kanban/rbac/Usuario;)Lbr/com/crudao/kanban/projeto/Projeto;" line="60"><counter type="INSTRUCTION" missed="0" covered="77"/><counter type="BRANCH" missed="0" covered="4"/><counter type="LINE" missed="0" covered="18"/><counter type="COMPLEXITY" missed="0" covered="3"/><counter type="METHOD" missed="0" covered="1"/></method><method name="atualizar" desc="(Ljava/util/UUID;Lbr/com/crudao/kanban/projeto/dto/AtualizarProjetoRequest;)Lbr/com/crudao/kanban/projeto/Projeto;" line="90"><counter type="INSTRUCTION" missed="0" covered="33"/><counter type="BRANCH" missed="0" covered="4"/><counter type="LINE" missed="0" covered="7"/><counter type="COMPLEXITY" missed="0" covered="3"/><counter type="METHOD" missed="0" covered="1"/></method><method name="finalizar" desc="(Ljava/util/UUID;)Lbr/com/crudao/kanban/projeto/Projeto;" line="107"><counter type="INSTRUCTION" missed="0" covered="30"/><counter type="BRANCH" missed="0" covered="2"/><counter type="LINE" missed="0" covered="9"/><counter type="COMPLEXITY" missed="0" covered="2"/><counter type="METHOD" missed="0" covered="1"/></method><method name="reabrir" desc="(Ljava/util/UUID;)Lbr/com/crudao/kanban/projeto/Projeto;" line="121"><counter type="INSTRUCTION" missed="0" covered="30"/><counter type="BRANCH" missed="0" covered="2"/><counter type="LINE" missed="0" covered="9"/><counter type="COMPLEXITY" missed="0" covered="2"/><counter type="METHOD" missed="0" covered="1"/></method><method name="excluir" desc="(Ljava/util/UUID;)V" line="136"><counter type="INSTRUCTION" missed="0" covered="35"/><counter type="BRANCH" missed="0" covered="2"/><counter type="LINE" missed="0" covered="8"/><counter type="COMPLEXITY" missed="0" covered="2"/><counter type="METHOD" missed="0" covered="1"/></method><method name="listarDoUsuario" desc="(Lbr/com/crudao/kanban/rbac/Usuario;)Ljava/util/List;" line="148"><counter type="INSTRUCTION" missed="0" covered="23"/><counter type="BRANCH" missed="0" covered="4"/><counter type="LINE" missed="0" covered="4"/><counter type="COMPLEXITY" missed="0" covered="3"/><counter type="METHOD" missed="0" covered="1"/></method><method name="buscar" desc="(Ljava/util/UUID;)Lbr/com/crudao/kanban/projeto/Projeto;" line="157"><counter type="INSTRUCTION" missed="0" covered="9"/><counter type="LINE" missed="0" covered="3"/><counter type="COMPLEXITY" missed="0" covered="1"/><counter type="METHOD" missed="0" covered="1"/></method><method name="permissoesEfetivas" desc="(Ljava/util/UUID;)Lbr/com/crudao/kanban/projeto/dto/PermissoesEfetivasResponse;" line="165"><counter type="INSTRUCTION" missed="0" covered="29"/><counter type="LINE" missed="0" covered="8"/><counter type="COMPLEXITY" missed="0" covered="1"/><counter type="METHOD" missed="0" covered="1"/></method><method name="associar" desc="(Ljava/util/UUID;Ljava/util/UUID;Ljava/lang/String;Ljava/util/UUID;)V" line="178"><counter type="INSTRUCTION" missed="0" covered="22"/><counter type="LINE" missed="0" covered="6"/><counter type="COMPLEXITY" missed="0" covered="1"/><counter type="METHOD" missed="0" covered="1"/></method><method name="lambda$associar$1" desc="(Ljava/lang/String;)Lbr/com/crudao/kanban/common/RecursoNaoEncontradoException;" line="182"><counter type="INSTRUCTION" missed="0" covered="6"/><counter type="LINE" missed="0" covered="1"/><counter type="COMPLEXITY" missed="0" covered="1"/><counter type="METHOD" missed="0" covered="1"/></method><method name="lambda$buscar$0" desc="(Ljava/util/UUID;)Lbr/com/crudao/kanban/common/RecursoNaoEncontradoException;" line="159"><counter type="INSTRUCTION" missed="0" covered="4"/><counter type="LINE" missed="0" covered="1"/><counter type="COMPLEXITY" missed="0" covered="1"/><counter type="METHOD" missed="0" covered="1"/></method><method name="&lt;clinit&gt;" desc="()V" line="33"><counter type="INSTRUCTION" missed="0" covered="4"/><counter type="LINE" missed="0" covered="1"/><counter type="COMPLEXITY" missed="0" covered="1"/><counter type="METHOD" missed="0" covered="1"/></method><counter type="INSTRUCTION" missed="0" covered="302"/><counter type="BRANCH" missed="0" covered="18"/><counter type="LINE" missed="0" covered="74"/><counter type="COMPLEXITY" missed="0" covered="21"/><counter type="METHOD" missed="0" covered="12"/><counter type="CLASS" missed="0" covered="1"/></class><class name="br/com/crudao/kanban/projeto/ProjetoRepository" sourcefilename="ProjetoRepository.java"/><class name="br/com/crudao/kanban/projeto/ProjetoMapperImpl" sourcefilename="ProjetoMapperImpl.java"><method name="&lt;init&gt;" desc="()V" line="17"><counter type="INSTRUCTION" missed="0" covered="3"/><counter type="LINE" missed="0" covered="1"/><counter type="COMPLEXITY" missed="0" covered="1"/><counter type="METHOD" missed="0" covered="1"/></method><method name="paraResponse" desc="(Lbr/com/crudao/kanban/projeto/Projeto;)Lbr/com/crudao/kanban/projeto/dto/ProjetoResponse;" line="21"><counter type="INSTRUCTION" missed="2" covered="50"/><counter type="BRANCH" missed="1" covered="1"/><counter type="LINE" missed="1" covered="17"/><counter type="COMPLEXITY" missed="1" covered="1"/><counter type="METHOD" missed="0" covered="1"/></method><method name="paraResponse" desc="(Ljava/util/List;)Ljava/util/List;" line="48"><counter type="INSTRUCTION" missed="29" covered="0"/><counter type="BRANCH" missed="4" covered="0"/><counter type="LINE" missed="7" covered="0"/><counter type="COMPLEXITY" missed="3" covered="0"/><counter type="METHOD" missed="1" covered="0"/></method><counter type="INSTRUCTION" missed="31" covered="53"/><counter type="BRANCH" missed="5" covered="1"/><counter type="LINE" missed="8" covered="18"/><counter type="COMPLEXITY" missed="4" covered="2"/><counter type="METHOD" missed="1" covered="2"/><counter type="CLASS" missed="0" covered="1"/></class><class name="br/com/crudao/kanban/projeto/ChaveToggle" sourcefilename="ChaveToggle.java"><method name="&lt;init&gt;" desc="(Ljava/lang/String;ILjava/lang/String;Z)V" line="18"><counter type="INSTRUCTION" missed="0" covered="11"/><counter type="LINE" missed="0" covered="4"/><counter type="COMPLEXITY" missed="0" covered="1"/><counter type="METHOD" missed="0" covered="1"/></method><method name="papelCondicionante" desc="()Ljava/lang/String;" line="24"><counter type="INSTRUCTION" missed="3" covered="0"/><counter type="LINE" missed="1" covered="0"/><counter type="COMPLEXITY" missed="1" covered="0"/><counter type="METHOD" missed="1" covered="0"/></method><method name="padrao" desc="()Z" line="28"><counter type="INSTRUCTION" missed="0" covered="3"/><counter type="LINE" missed="0" covered="1"/><counter type="COMPLEXITY" missed="0" covered="1"/><counter type="METHOD" missed="0" covered="1"/></method><method name="&lt;clinit&gt;" desc="()V" line="9"><counter type="INSTRUCTION" missed="0" covered="35"/><counter type="LINE" missed="0" covered="5"/><counter type="COMPLEXITY" missed="0" covered="1"/><counter type="METHOD" missed="0" covered="1"/></method><counter type="INSTRUCTION" missed="3" covered="49"/><counter type="LINE" missed="1" covered="10"/><counter type="COMPLEXITY" missed="1" covered="3"/><counter type="METHOD" missed="1" covered="3"/><counter type="CLASS" missed="0" covered="1"/></class><class name="br/com/crudao/kanban/projeto/ProjetoToggle$Id" sourcefilename="ProjetoToggle.java"/><class name="br/com/crudao/kanban/projeto/ProjetoToggle" sourcefilename="ProjetoToggle.java"><method name="&lt;init&gt;" desc="(Ljava/util/UUID;Lbr/com/crudao/kanban/projeto/ChaveToggle;Z)V" line="32"><counter type="INSTRUCTION" missed="0" covered="13"/><counter type="LINE" missed="0" covered="4"/><counter type="COMPLEXITY" missed="0" covered="1"/><counter type="METHOD" missed="0" covered="1"/></method><method name="getChave" desc="()Lbr/com/crudao/kanban/projeto/ChaveToggle;" line="38"><counter type="INSTRUCTION" missed="0" covered="4"/><counter type="LINE" missed="0" covered="1"/><counter type="COMPLEXITY" missed="0" covered="1"/><counter type="METHOD" missed="0" covered="1"/></method><counter type="INSTRUCTION" missed="0" covered="17"/><counter type="LINE" missed="0" covered="5"/><counter type="COMPLEXITY" missed="0" covered="2"/><counter type="METHOD" missed="0" covered="2"/><counter type="CLASS" missed="0" covered="1"/></class><class name="br/com/crudao/kanban/projeto/ProjetoToggleService" sourcefilename="ProjetoToggleService.java"><method name="criarDefaults" desc="(Ljava/util/UUID;)V" line="21"><counter type="INSTRUCTION" missed="0" covered="28"/><counter type="BRANCH" missed="0" covered="2"/><counter type="LINE" missed="0" covered="3"/><counter type="COMPLEXITY" missed="0" covered="2"/><counter type="METHOD" missed="0" covered="1"/></method><method name="obter" desc="(Ljava/util/UUID;)Ljava/util/Map;" line="28"><counter type="INSTRUCTION" missed="0" covered="52"/><counter type="BRANCH" missed="0" covered="4"/><counter type="LINE" missed="0" covered="7"/><counter type="COMPLEXITY" missed="0" covered="3"/><counter type="METHOD" missed="0" covered="1"/></method><method name="obterComoMapa" desc="(Ljava/util/UUID;)Ljava/util/Map;" line="40"><counter type="INSTRUCTION" missed="0" covered="11"/><counter type="LINE" missed="0" covered="3"/><counter type="COMPLEXITY" missed="0" covered="1"/><counter type="METHOD" missed="0" covered="1"/></method><method name="atualizar" desc="(Ljava/util/UUID;Ljava/util/Map;)V" line="48"><counter type="INSTRUCTION" missed="0" covered="6"/><counter type="LINE" missed="0" covered="2"/><counter type="COMPLEXITY" missed="0" covered="1"/><counter type="METHOD" missed="0" covered="1"/></method><method name="habilitado" desc="(Ljava/util/UUID;Lbr/com/crudao/kanban/projeto/ChaveToggle;)Z" line="55"><counter type="INSTRUCTION" missed="0" covered="14"/><counter type="LINE" missed="0" covered="4"/><counter type="COMPLEXITY" missed="0" covered="1"/><counter type="METHOD" missed="0" covered="1"/></method><method name="listar" desc="(Ljava/util/UUID;)Ljava/util/List;" line="63"><counter type="INSTRUCTION" missed="0" covered="5"/><counter type="LINE" missed="0" covered="1"/><counter type="COMPLEXITY" missed="0" covered="1"/><counter type="METHOD" missed="0" covered="1"/></method><method name="lambda$atualizar$1" desc="(Ljava/util/UUID;Lbr/com/crudao/kanban/projeto/ChaveToggle;Ljava/lang/Boolean;)V" line="50"><counter type="INSTRUCTION" missed="0" covered="12"/><counter type="LINE" missed="0" covered="1"/><counter type="COMPLEXITY" missed="0" covered="1"/><counter type="METHOD" missed="0" covered="1"/></method><method name="lambda$obterComoMapa$0" desc="(Ljava/util/Map$Entry;)Ljava/lang/String;" line="42"><counter type="INSTRUCTION" missed="0" covered="5"/><counter type="LINE" missed="0" covered="1"/><counter type="COMPLEXITY" missed="0" covered="1"/><counter type="METHOD" missed="0" covered="1"/></method><counter type="INSTRUCTION" missed="0" covered="133"/><counter type="BRANCH" missed="0" covered="6"/><counter type="LINE" missed="0" covered="21"/><counter type="COMPLEXITY" missed="0" covered="11"/><counter type="METHOD" missed="0" covered="8"/><counter type="CLASS" missed="0" covered="1"/></class><sourcefile name="ProjetoToggleRepository.java"/><sourcefile name="ProjetoController.java"><line nr="39" mi="8" ci="0" mb="0" cb="0"/><line nr="40" mi="1" ci="0" mb="0" cb="0"/><line nr="41" mi="2" ci="0" mb="0" cb="0"/><line nr="50" mi="8" ci="0" mb="0" cb="0"/><line nr="51" mi="10" ci="0" mb="0" cb="0"/><line nr="52" mi="2" ci="0" mb="0" cb="0"/><line nr="61" mi="9" ci="0" mb="0" cb="0"/><line nr="68" mi="10" ci="0" mb="0" cb="0"/><line nr="82" mi="0" ci="9" mb="0" cb="0"/><line nr="91" mi="9" ci="0" mb="0" cb="0"/><line nr="97" mi="4" ci="0" mb="0" cb="0"/><line nr="98" mi="3" ci="0" mb="0" cb="0"/><line nr="104" mi="6" ci="0" mb="0" cb="0"/><counter type="INSTRUCTION" missed="72" covered="9"/><counter type="LINE" missed="12" covered="1"/><counter type="COMPLEXITY" missed="7" covered="1"/><counter type="METHOD" missed="7" covered="1"/><counter type="CLASS" missed="0" covered="1"/></sourcefile><sourcefile name="ProjetoToggleService.java"><line nr="21" mi="0" ci="16" mb="0" cb="2"/><line nr="22" mi="0" ci="11" mb="0" cb="0"/><line nr="24" mi="0" ci="1" mb="0" cb="0"/><line nr="28" mi="0" ci="5" mb="0" cb="0"/><line nr="29" mi="0" ci="16" mb="0" cb="2"/><line nr="30" mi="0" ci="7" mb="0" cb="0"/><line nr="32" mi="0" ci="13" mb="0" cb="2"/><line nr="33" mi="0" ci="8" mb="0" cb="0"/><line nr="34" mi="0" ci="1" mb="0" cb="0"/><line nr="35" mi="0" ci="2" mb="0" cb="0"/><line nr="40" mi="0" ci="8" mb="0" cb="0"/><line nr="41" mi="0" ci="2" mb="0" cb="0"/><line nr="42" mi="0" ci="6" mb="0" cb="0"/><line nr="48" mi="0" ci="5" mb="0" cb="0"/><line nr="50" mi="0" ci="12" mb="0" cb="0"/><line nr="51" mi="0" ci="1" mb="0" cb="0"/><line nr="55" mi="0" ci="5" mb="0" cb="0"/><line nr="56" mi="0" ci="2" mb="0" cb="0"/><line nr="57" mi="0" ci="2" mb="0" cb="0"/><line nr="58" mi="0" ci="5" mb="0" cb="0"/><line nr="63" mi="0" ci="5" mb="0" cb="0"/><counter type="INSTRUCTION" missed="0" covered="133"/><counter type="BRANCH" missed="0" covered="6"/><counter type="LINE" missed="0" covered="21"/><counter type="COMPLEXITY" missed="0" covered="11"/><counter type="METHOD" missed="0" covered="8"/><counter type="CLASS" missed="0" covered="1"/></sourcefile><sourcefile name="ChaveToggle.java"><line nr="9" mi="0" ci="3" mb="0" cb="0"/><line nr="10" mi="0" ci="8" mb="0" cb="0"/><line nr="11" mi="0" ci="8" mb="0" cb="0"/><line nr="12" mi="0" ci="8" mb="0" cb="0"/><line nr="13" mi="0" ci="8" mb="0" cb="0"/><line nr="18" mi="0" ci="4" mb="0" cb="0"/><line nr="19" mi="0" ci="3" mb="0" cb="0"/><line nr="20" mi="0" ci="3" mb="0" cb="0"/><line nr="21" mi="0" ci="1" mb="0" cb="0"/><line nr="24" mi="3" ci="0" mb="0" cb="0"/><line nr="28" mi="0" ci="3" mb="0" cb="0"/><counter type="INSTRUCTION" missed="3" covered="49"/><counter type="LINE" missed="1" covered="10"/><counter type="COMPLEXITY" missed="1" covered="3"/><counter type="METHOD" missed="1" covered="3"/><counter type="CLASS" missed="0" covered="1"/></sourcefile><sourcefile name="ProjetoMapperImpl.java"><line nr="17" mi="0" ci="3" mb="0" cb="0"/><line nr="21" mi="0" ci="2" mb="1" cb="1"/><line nr="22" mi="2" ci="0" mb="0" cb="0"/><line nr="25" mi="0" ci="2" mb="0" cb="0"/><line nr="26" mi="0" ci="2" mb="0" cb="0"/><line nr="27" mi="0" ci="2" mb="0" cb="0"/><line nr="28" mi="0" ci="2" mb="0" cb="0"/><line nr="29" mi="0" ci="2" mb="0" cb="0"/><line nr="30" mi="0" ci="2" mb="0" cb="0"/><line nr="31" mi="0" ci="2" mb="0" cb="0"/><line nr="33" mi="0" ci="3" mb="0" cb="0"/><line nr="34" mi="0" ci="3" mb="0" cb="0"/><line nr="35" mi="0" ci="3" mb="0" cb="0"/><line nr="36" mi="0" ci="3" mb="0" cb="0"/><line nr="37" mi="0" ci="3" mb="0" cb="0"/><line nr="38" mi="0" ci="3" mb="0" cb="0"/><line nr="39" mi="0" ci="3" mb="0" cb="0"/><line nr="41" mi="0" ci="11" mb="0" cb="0"/><line nr="43" mi="0" ci="2" mb="0" cb="0"/><line nr="48" mi="2" ci="0" mb="2" cb="0"/><line nr="49" mi="2" ci="0" mb="0" cb="0"/><line nr="52" mi="6" ci="0" mb="0" cb="0"/><line nr="53" mi="10" ci="0" mb="2" cb="0"/><line nr="54" mi="6" ci="0" mb="0" cb="0"/><line nr="55" mi="1" ci="0" mb="0" cb="0"/><line nr="57" mi="2" ci="0" mb="0" cb="0"/><counter type="INSTRUCTION" missed="31" covered="53"/><counter type="BRANCH" missed="5" covered="1"/><counter type="LINE" missed="8" covered="18"/><counter type="COMPLEXITY" missed="4" covered="2"/><counter type="METHOD" missed="1" covered="2"/><counter type="CLASS" missed="0" covered="1"/></sourcefile><sourcefile name="Projeto.java"><line nr="54" mi="0" ci="8" mb="0" cb="2"/><counter type="INSTRUCTION" missed="0" covered="8"/><counter type="BRANCH" missed="0" covered="2"/><counter type="LINE" missed="0" covered="1"/><counter type="COMPLEXITY" missed="0" covered="2"/><counter type="METHOD" missed="0" covered="1"/><counter type="CLASS" missed="0" covered="1"/></sourcefile><sourcefile name="StatusProjeto.java"><line nr="3" mi="0" ci="3" mb="0" cb="0"/><line nr="4" mi="0" ci="6" mb="0" cb="0"/><line nr="5" mi="0" ci="6" mb="0" cb="0"/><counter type="INSTRUCTION" missed="0" covered="15"/><counter type="LINE" missed="0" covered="3"/><counter type="COMPLEXITY" missed="0" covered="1"/><counter type="METHOD" missed="0" covered="1"/><counter type="CLASS" missed="0" covered="1"/></sourcefile><sourcefile name="ProjetoMapper.java"/><sourcefile name="ProjetoService.java"><line nr="33" mi="0" ci="4" mb="0" cb="0"/><line nr="60" mi="0" ci="3" mb="0" cb="2"/><line nr="61" mi="0" ci="5" mb="0" cb="0"/><line nr="63" mi="0" ci="6" mb="0" cb="2"/><line nr="64" mi="0" ci="7" mb="0" cb="0"/><line nr="70" mi="0" ci="2" mb="0" cb="0"/><line nr="71" mi="0" ci="3" mb="0" cb="0"/><line nr="72" mi="0" ci="2" mb="0" cb="0"/><line nr="73" mi="0" ci="3" mb="0" cb="0"/><line nr="74" mi="0" ci="3" mb="0" cb="0"/><line nr="75" mi="0" ci="1" mb="0" cb="0"/><line nr="76" mi="0" ci="1" mb="0" cb="0"/><line nr="78" mi="0" ci="5" mb="0" cb="0"/><line nr="79" mi="0" ci="5" mb="0" cb="0"/><line nr="80" mi="0" ci="4" mb="0" cb="0"/><line nr="81" mi="0" ci="11" mb="0" cb="0"/><line nr="82" mi="0" ci="9" mb="0" cb="0"/><line nr="84" mi="0" ci="5" mb="0" cb="0"/><line nr="85" mi="0" ci="2" mb="0" cb="0"/><line nr="90" mi="0" ci="4" mb="0" cb="0"/><line nr="91" mi="0" ci="9" mb="0" cb="2"/><line nr="92" mi="0" ci="3" mb="0" cb="2"/><line nr="93" mi="0" ci="7" mb="0" cb="0"/><line nr="96" mi="0" ci="4" mb="0" cb="0"/><line nr="97" mi="0" ci="4" mb="0" cb="0"/><line nr="98" mi="0" ci="2" mb="0" cb="0"/><line nr="107" mi="0" ci="4" mb="0" cb="0"/><line nr="108" mi="0" ci="4" mb="0" cb="2"/><line nr="109" mi="0" ci="2" mb="0" cb="0"/><line nr="111" mi="0" ci="3" mb="0" cb="0"/><line nr="112" mi="0" ci="3" mb="0" cb="0"/><line nr="113" mi="0" ci="4" mb="0" cb="0"/><line nr="114" mi="0" ci="4" mb="0" cb="0"/><line nr="115" mi="0" ci="4" mb="0" cb="0"/><line nr="116" mi="0" ci="2" mb="0" cb="0"/><line nr="121" mi="0" ci="4" mb="0" cb="0"/><line nr="122" mi="0" ci="4" mb="0" cb="2"/><line nr="123" mi="0" ci="2" mb="0" cb="0"/><line nr="125" mi="0" ci="3" mb="0" cb="0"/><line nr="126" mi="0" ci="3" mb="0" cb="0"/><line nr="127" mi="0" ci="4" mb="0" cb="0"/><line nr="128" mi="0" ci="4" mb="0" cb="0"/><line nr="129" mi="0" ci="4" mb="0" cb="0"/><line nr="130" mi="0" ci="2" mb="0" cb="0"/><line nr="136" mi="0" ci="4" mb="0" cb="0"/><line nr="137" mi="0" ci="5" mb="0" cb="0"/><line nr="138" mi="0" ci="4" mb="0" cb="2"/><line nr="139" mi="0" ci="8" mb="0" cb="0"/><line nr="140" mi="0" ci="5" mb="0" cb="0"/><line nr="142" mi="0" ci="4" mb="0" cb="0"/><line nr="143" mi="0" ci="4" mb="0" cb="0"/><line nr="144" mi="0" ci="1" mb="0" cb="0"/><line nr="148" mi="0" ci="3" mb="0" cb="2"/><line nr="149" mi="0" ci="4" mb="0" cb="0"/><line nr="151" mi="0" ci="6" mb="0" cb="0"/><line nr="152" mi="0" ci="10" mb="0" cb="2"/><line nr="157" mi="0" ci="4" mb="0" cb="0"/><line nr="158" mi="0" ci="3" mb="0" cb="0"/><line nr="159" mi="0" ci="6" mb="0" cb="0"/><line nr="165" mi="0" ci="4" mb="0" cb="0"/><line nr="166" mi="0" ci="4" mb="0" cb="0"/><line nr="167" mi="0" ci="5" mb="0" cb="0"/><line nr="169" mi="0" ci="2" mb="0" cb="0"/><line nr="170" mi="0" ci="4" mb="0" cb="0"/><line nr="171" mi="0" ci="4" mb="0" cb="0"/><line nr="172" mi="0" ci="4" mb="0" cb="0"/><line nr="173" mi="0" ci="2" mb="0" cb="0"/><line nr="178" mi="0" ci="3" mb="0" cb="0"/><line nr="180" mi="0" ci="3" mb="0" cb="0"/><line nr="181" mi="0" ci="2" mb="0" cb="0"/><line nr="182" mi="0" ci="6" mb="0" cb="0"/><line nr="183" mi="0" ci="2" mb="0" cb="0"/><line nr="184" mi="0" ci="11" mb="0" cb="0"/><line nr="186" mi="0" ci="1" mb="0" cb="0"/><counter type="INSTRUCTION" missed="0" covered="302"/><counter type="BRANCH" missed="0" covered="18"/><counter type="LINE" missed="0" covered="74"/><counter type="COMPLEXITY" missed="0" covered="21"/><counter type="METHOD" missed="0" covered="12"/><counter type="CLASS" missed="0" covered="1"/></sourcefile><sourcefile name="ProjetoToggle.java"><line nr="32" mi="0" ci="2" mb="0" cb="0"/><line nr="33" mi="0" ci="7" mb="0" cb="0"/><line nr="34" mi="0" ci="3" mb="0" cb="0"/><line nr="35" mi="0" ci="1" mb="0" cb="0"/><line nr="38" mi="0" ci="4" mb="0" cb="0"/><counter type="INSTRUCTION" missed="0" covered="17"/><counter type="LINE" missed="0" covered="5"/><counter type="COMPLEXITY" missed="0" covered="2"/><counter type="METHOD" missed="0" covered="2"/><counter type="CLASS" missed="0" covered="1"/></sourcefile><sourcefile name="ProjetoRepository.java"/><counter type="INSTRUCTION" missed="106" covered="586"/><counter type="BRANCH" missed="5" covered="27"/><counter type="LINE" missed="21" covered="133"/><counter type="COMPLEXITY" missed="12" covered="43"/><counter type="METHOD" missed="9" covered="30"/><counter type="CLASS" missed="0" covered="8"/></package><package name="br/com/crudao/kanban/projeto/dto"><class name="br/com/crudao/kanban/projeto/dto/CriarProjetoRequest" sourcefilename="CriarProjetoRequest.java"><method name="&lt;init&gt;" desc="(Ljava/lang/String;Ljava/lang/String;)V" line="6"><counter type="INSTRUCTION" missed="0" covered="9"/><counter type="LINE" missed="0" covered="1"/><counter type="COMPLEXITY" missed="0" covered="1"/><counter type="METHOD" missed="0" covered="1"/></method><counter type="INSTRUCTION" missed="0" covered="9"/><counter type="LINE" missed="0" covered="1"/><counter type="COMPLEXITY" missed="0" covered="1"/><counter type="METHOD" missed="0" covered="1"/><counter type="CLASS" missed="0" covered="1"/></class><class name="br/com/crudao/kanban/projeto/dto/PermissoesEfetivasResponse" sourcefilename="PermissoesEfetivasResponse.java"><method name="&lt;init&gt;" desc="(Ljava/util/UUID;ZZLjava/util/Set;Ljava/util/Set;Ljava/util/Map;)V" line="8"><counter type="INSTRUCTION" missed="0" covered="21"/><counter type="LINE" missed="0" covered="1"/><counter type="COMPLEXITY" missed="0" covered="1"/><counter type="METHOD" missed="0" covered="1"/></method><counter type="INSTRUCTION" missed="0" covered="21"/><counter type="LINE" missed="0" covered="1"/><counter type="COMPLEXITY" missed="0" covered="1"/><counter type="METHOD" missed="0" covered="1"/><counter type="CLASS" missed="0" covered="1"/></class><class name="br/com/crudao/kanban/projeto/dto/AtualizarProjetoRequest" sourcefilename="AtualizarProjetoRequest.java"><method name="&lt;init&gt;" desc="(Ljava/lang/String;Ljava/lang/String;)V" line="6"><counter type="INSTRUCTION" missed="0" covered="9"/><counter type="LINE" missed="0" covered="1"/><counter type="COMPLEXITY" missed="0" covered="1"/><counter type="METHOD" missed="0" covered="1"/></method><counter type="INSTRUCTION" missed="0" covered="9"/><counter type="LINE" missed="0" covered="1"/><counter type="COMPLEXITY" missed="0" covered="1"/><counter type="METHOD" missed="0" covered="1"/><counter type="CLASS" missed="0" covered="1"/></class><class name="br/com/crudao/kanban/projeto/dto/ProjetoResponse" sourcefilename="ProjetoResponse.java"><method name="&lt;init&gt;" desc="(Ljava/util/UUID;Ljava/lang/String;Ljava/lang/String;Lbr/com/crudao/kanban/projeto/StatusProjeto;Ljava/time/Instant;Ljava/time/Instant;J)V" line="7"><counter type="INSTRUCTION" missed="0" covered="24"/><counter type="LINE" missed="0" covered="1"/><counter type="COMPLEXITY" missed="0" covered="1"/><counter type="METHOD" missed="0" covered="1"/></method><counter type="INSTRUCTION" missed="0" covered="24"/><counter type="LINE" missed="0" covered="1"/><counter type="COMPLEXITY" missed="0" covered="1"/><counter type="METHOD" missed="0" covered="1"/><counter type="CLASS" missed="0" covered="1"/></class><class name="br/com/crudao/kanban/projeto/dto/AtualizarTogglesRequest" sourcefilename="AtualizarTogglesRequest.java"><method name="&lt;init&gt;" desc="(Ljava/util/Map;)V" line="8"><counter type="INSTRUCTION" missed="6" covered="0"/><counter type="LINE" missed="1" covered="0"/><counter type="COMPLEXITY" missed="1" covered="0"/><counter type="METHOD" missed="1" covered="0"/></method><counter type="INSTRUCTION" missed="6" covered="0"/><counter type="LINE" missed="1" covered="0"/><counter type="COMPLEXITY" missed="1" covered="0"/><counter type="METHOD" missed="1" covered="0"/><counter type="CLASS" missed="1" covered="0"/></class><sourcefile name="AtualizarTogglesRequest.java"><line nr="8" mi="6" ci="0" mb="0" cb="0"/><counter type="INSTRUCTION" missed="6" covered="0"/><counter type="LINE" missed="1" covered="0"/><counter type="COMPLEXITY" missed="1" covered="0"/><counter type="METHOD" missed="1" covered="0"/><counter type="CLASS" missed="1" covered="0"/></sourcefile><sourcefile name="AtualizarProjetoRequest.java"><line nr="6" mi="0" ci="9" mb="0" cb="0"/><counter type="INSTRUCTION" missed="0" covered="9"/><counter type="LINE" missed="0" covered="1"/><counter type="COMPLEXITY" missed="0" covered="1"/><counter type="METHOD" missed="0" covered="1"/><counter type="CLASS" missed="0" covered="1"/></sourcefile><sourcefile name="CriarProjetoRequest.java"><line nr="6" mi="0" ci="9" mb="0" cb="0"/><counter type="INSTRUCTION" missed="0" covered="9"/><counter type="LINE" missed="0" covered="1"/><counter type="COMPLEXITY" missed="0" covered="1"/><counter type="METHOD" missed="0" covered="1"/><counter type="CLASS" missed="0" covered="1"/></sourcefile><sourcefile name="PermissoesEfetivasResponse.java"><line nr="8" mi="0" ci="21" mb="0" cb="0"/><counter type="INSTRUCTION" missed="0" covered="21"/><counter type="LINE" missed="0" covered="1"/><counter type="COMPLEXITY" missed="0" covered="1"/><counter type="METHOD" missed="0" covered="1"/><counter type="CLASS" missed="0" covered="1"/></sourcefile><sourcefile name="ProjetoResponse.java"><line nr="7" mi="0" ci="24" mb="0" cb="0"/><counter type="INSTRUCTION" missed="0" covered="24"/><counter type="LINE" missed="0" covered="1"/><counter type="COMPLEXITY" missed="0" covered="1"/><counter type="METHOD" missed="0" covered="1"/><counter type="CLASS" missed="0" covered="1"/></sourcefile><counter type="INSTRUCTION" missed="6" covered="63"/><counter type="LINE" missed="1" covered="4"/><counter type="COMPLEXITY" missed="1" covered="4"/><counter type="METHOD" missed="1" covered="4"/><counter type="CLASS" missed="1" covered="4"/></package><package name="br/com/crudao/kanban/board"><class name="br/com/crudao/kanban/board/BoardQueryService" sourcefilename="BoardQueryService.java"><method name="snapshot" desc="(Ljava/util/UUID;)Lbr/com/crudao/kanban/board/BoardSnapshotResponse;" line="67"><counter type="INSTRUCTION" missed="7" covered="178"/><counter type="BRANCH" missed="2" covered="6"/><counter type="LINE" missed="0" covered="42"/><counter type="COMPLEXITY" missed="2" covered="3"/><counter type="METHOD" missed="0" covered="1"/></method><method name="destinos" desc="(Lbr/com/crudao/kanban/tarefa/Tarefa;Ljava/util/Map;Ljava/util/Map;Ljava/util/Map;ZZ)Ljava/util/List;" line="146"><counter type="INSTRUCTION" missed="19" covered="29"/><counter type="BRANCH" missed="6" covered="4"/><counter type="LINE" missed="4" covered="9"/><counter type="COMPLEXITY" missed="5" covered="1"/><counter type="METHOD" missed="0" covered="1"/></method><method name="exigirToggleGestor" desc="(Ljava/util/UUID;)V" line="167"><counter type="INSTRUCTION" missed="14" covered="25"/><counter type="BRANCH" missed="6" covered="4"/><counter type="LINE" missed="3" covered="6"/><counter type="COMPLEXITY" missed="5" covered="1"/><counter type="METHOD" missed="0" covered="1"/></method><method name="nomesDeResponsaveis" desc="(Ljava/util/List;)Ljava/util/Map;" line="181"><counter type="INSTRUCTION" missed="11" covered="15"/><counter type="BRANCH" missed="1" covered="1"/><counter type="LINE" missed="2" covered="7"/><counter type="COMPLEXITY" missed="1" covered="1"/><counter type="METHOD" missed="0" covered="1"/></method><method name="lambda$destinos$4" desc="(Ljava/util/Map;Ljava/util/UUID;)Z" line="161"><counter type="INSTRUCTION" missed="1" covered="13"/><counter type="BRANCH" missed="2" covered="2"/><counter type="LINE" missed="0" covered="1"/><counter type="COMPLEXITY" missed="2" covered="1"/><counter type="METHOD" missed="0" covered="1"/></method><method name="lambda$snapshot$3" desc="(Ljava/util/UUID;)Ljava/util/List;" line="94"><counter type="INSTRUCTION" missed="0" covered="4"/><counter type="LINE" missed="0" covered="1"/><counter type="COMPLEXITY" missed="0" covered="1"/><counter type="METHOD" missed="0" covered="1"/></method><method name="lambda$snapshot$2" desc="(Ljava/util/UUID;)Ljava/util/List;" line="91"><counter type="INSTRUCTION" missed="0" covered="4"/><counter type="LINE" missed="0" covered="1"/><counter type="COMPLEXITY" missed="0" covered="1"/><counter type="METHOD" missed="0" covered="1"/></method><method name="lambda$snapshot$1" desc="()Lbr/com/crudao/kanban/common/ConfiguracaoWorkflowInvalidaException;" line="80"><counter type="INSTRUCTION" missed="5" covered="0"/><counter type="LINE" missed="1" covered="0"/><counter type="COMPLEXITY" missed="1" covered="0"/><counter type="METHOD" missed="1" covered="0"/></method><method name="lambda$snapshot$0" desc="(Ljava/util/UUID;)Lbr/com/crudao/kanban/common/RecursoNaoEncontradoException;" line="73"><counter type="INSTRUCTION" missed="4" covered="0"/><counter type="LINE" missed="1" covered="0"/><counter type="COMPLEXITY" missed="1" covered="0"/><counter type="METHOD" missed="1" covered="0"/></method><counter type="INSTRUCTION" missed="61" covered="268"/><counter type="BRANCH" missed="17" covered="17"/><counter type="LINE" missed="10" covered="64"/><counter type="COMPLEXITY" missed="17" covered="9"/><counter type="METHOD" missed="2" covered="7"/><counter type="CLASS" missed="0" covered="1"/></class><class name="br/com/crudao/kanban/board/BoardController" sourcefilename="BoardController.java"><method name="snapshot" desc="(Ljava/util/UUID;)Lorg/springframework/http/ResponseEntity;" line="23"><counter type="INSTRUCTION" missed="0" covered="6"/><counter type="LINE" missed="0" covered="1"/><counter type="COMPLEXITY" missed="0" covered="1"/><counter type="METHOD" missed="0" covered="1"/></method><counter type="INSTRUCTION" missed="0" covered="6"/><counter type="LINE" missed="0" covered="1"/><counter type="COMPLEXITY" missed="0" covered="1"/><counter type="METHOD" missed="0" covered="1"/><counter type="CLASS" missed="0" covered="1"/></class><class name="br/com/crudao/kanban/board/BoardSnapshotResponse" sourcefilename="BoardSnapshotResponse.java"><method name="&lt;init&gt;" desc="(Ljava/util/UUID;Ljava/util/UUID;JZLjava/util/List;Ljava/util/List;Ljava/util/List;Ljava/util/Set;)V" line="14"><counter type="INSTRUCTION" missed="0" covered="27"/><counter type="LINE" missed="0" covered="1"/><counter type="COMPLEXITY" missed="0" covered="1"/><counter type="METHOD" missed="0" covered="1"/></method><counter type="INSTRUCTION" missed="0" covered="27"/><counter type="LINE" missed="0" covered="1"/><counter type="COMPLEXITY" missed="0" covered="1"/><counter type="METHOD" missed="0" covered="1"/><counter type="CLASS" missed="0" covered="1"/></class><sourcefile name="BoardQueryService.java"><line nr="67" mi="0" ci="5" mb="0" cb="0"/><line nr="68" mi="0" ci="3" mb="0" cb="0"/><line nr="70" mi="0" ci="3" mb="0" cb="0"/><line nr="72" mi="0" ci="3" mb="0" cb="0"/><line nr="73" mi="4" ci="3" mb="0" cb="0"/><line nr="75" mi="0" ci="3" mb="0" cb="0"/><line nr="77" mi="0" ci="2" mb="0" cb="0"/><line nr="78" mi="0" ci="3" mb="0" cb="0"/><line nr="80" mi="5" ci="0" mb="0" cb="0"/><line nr="83" mi="0" ci="6" mb="0" cb="0"/><line nr="84" mi="0" ci="1" mb="0" cb="0"/><line nr="85" mi="0" ci="7" mb="0" cb="0"/><line nr="87" mi="0" ci="4" mb="0" cb="0"/><line nr="88" mi="0" ci="4" mb="0" cb="0"/><line nr="89" mi="0" ci="14" mb="0" cb="2"/><line nr="90" mi="0" ci="2" mb="0" cb="0"/><line nr="91" mi="0" ci="9" mb="0" cb="0"/><line nr="92" mi="0" ci="3" mb="0" cb="0"/><line nr="93" mi="0" ci="2" mb="0" cb="0"/><line nr="94" mi="0" ci="9" mb="0" cb="0"/><line nr="95" mi="0" ci="3" mb="0" cb="0"/><line nr="96" mi="0" ci="1" mb="0" cb="0"/><line nr="98" mi="0" ci="5" mb="0" cb="0"/><line nr="99" mi="0" ci="4" mb="0" cb="0"/><line nr="100" mi="0" ci="4" mb="0" cb="0"/><line nr="102" mi="0" ci="5" mb="0" cb="0"/><line nr="103" mi="0" ci="4" mb="0" cb="0"/><line nr="105" mi="0" ci="6" mb="0" cb="0"/><line nr="106" mi="0" ci="10" mb="0" cb="2"/><line nr="107" mi="0" ci="6" mb="0" cb="0"/><line nr="108" mi="0" ci="1" mb="0" cb="0"/><line nr="112" mi="5" ci="12" mb="1" cb="1"/><line nr="113" mi="0" ci="1" mb="0" cb="0"/><line nr="114" mi="0" ci="1" mb="0" cb="0"/><line nr="116" mi="0" ci="3" mb="0" cb="0"/><line nr="118" mi="0" ci="2" mb="0" cb="0"/><line nr="119" mi="0" ci="2" mb="0" cb="0"/><line nr="120" mi="0" ci="5" mb="0" cb="0"/><line nr="122" mi="0" ci="5" mb="0" cb="0"/><line nr="124" mi="0" ci="3" mb="0" cb="0"/><line nr="126" mi="2" ci="6" mb="1" cb="1"/><line nr="127" mi="0" ci="6" mb="0" cb="0"/><line nr="128" mi="0" ci="5" mb="0" cb="0"/><line nr="146" mi="0" ci="2" mb="1" cb="1"/><line nr="147" mi="2" ci="0" mb="0" cb="0"/><line nr="149" mi="0" ci="6" mb="0" cb="0"/><line nr="150" mi="0" ci="2" mb="1" cb="1"/><line nr="151" mi="2" ci="0" mb="0" cb="0"/><line nr="153" mi="0" ci="3" mb="1" cb="1"/><line nr="154" mi="12" ci="0" mb="2" cb="0"/><line nr="156" mi="0" ci="7" mb="0" cb="0"/><line nr="157" mi="0" ci="2" mb="1" cb="1"/><line nr="158" mi="3" ci="0" mb="0" cb="0"/><line nr="160" mi="0" ci="5" mb="0" cb="0"/><line nr="161" mi="1" ci="14" mb="2" cb="2"/><line nr="162" mi="0" ci="1" mb="0" cb="0"/><line nr="167" mi="0" ci="4" mb="0" cb="0"/><line nr="168" mi="0" ci="3" mb="1" cb="1"/><line nr="169" mi="1" ci="0" mb="0" cb="0"/><line nr="171" mi="0" ci="5" mb="0" cb="0"/><line nr="172" mi="2" ci="10" mb="2" cb="2"/><line nr="173" mi="4" ci="2" mb="1" cb="1"/><line nr="174" mi="2" ci="0" mb="2" cb="0"/><line nr="175" mi="5" ci="0" mb="0" cb="0"/><line nr="178" mi="0" ci="1" mb="0" cb="0"/><line nr="181" mi="0" ci="1" mb="0" cb="0"/><line nr="182" mi="0" ci="2" mb="0" cb="0"/><line nr="183" mi="0" ci="2" mb="0" cb="0"/><line nr="184" mi="0" ci="1" mb="0" cb="0"/><line nr="185" mi="0" ci="4" mb="0" cb="0"/><line nr="186" mi="0" ci="3" mb="1" cb="1"/><line nr="187" mi="0" ci="2" mb="0" cb="0"/><line nr="189" mi="8" ci="0" mb="0" cb="0"/><line nr="190" mi="3" ci="0" mb="0" cb="0"/><counter type="INSTRUCTION" missed="61" covered="268"/><counter type="BRANCH" missed="17" covered="17"/><counter type="LINE" missed="10" covered="64"/><counter type="COMPLEXITY" missed="17" covered="9"/><counter type="METHOD" missed="2" covered="7"/><counter type="CLASS" missed="0" covered="1"/></sourcefile><sourcefile name="BoardController.java"><line nr="23" mi="0" ci="6" mb="0" cb="0"/><counter type="INSTRUCTION" missed="0" covered="6"/><counter type="LINE" missed="0" covered="1"/><counter type="COMPLEXITY" missed="0" covered="1"/><counter type="METHOD" missed="0" covered="1"/><counter type="CLASS" missed="0" covered="1"/></sourcefile><sourcefile name="BoardSnapshotResponse.java"><line nr="14" mi="0" ci="27" mb="0" cb="0"/><counter type="INSTRUCTION" missed="0" covered="27"/><counter type="LINE" missed="0" covered="1"/><counter type="COMPLEXITY" missed="0" covered="1"/><counter type="METHOD" missed="0" covered="1"/><counter type="CLASS" missed="0" covered="1"/></sourcefile><counter type="INSTRUCTION" missed="61" covered="301"/><counter type="BRANCH" missed="17" covered="17"/><counter type="LINE" missed="10" covered="66"/><counter type="COMPLEXITY" missed="17" covered="11"/><counter type="METHOD" missed="2" covered="9"/><counter type="CLASS" missed="0" covered="3"/></package><package name="br/com/crudao/kanban/raia"><class name="br/com/crudao/kanban/raia/Raia$RaiaBuilder" sourcefilename="Raia.java"/><class name="br/com/crudao/kanban/raia/Raia" sourcefilename="Raia.java"/><class name="br/com/crudao/kanban/raia/RaiaController" sourcefilename="RaiaController.java"><method name="listar" desc="(Ljava/util/UUID;)Lorg/springframework/http/ResponseEntity;" line="38"><counter type="INSTRUCTION" missed="9" covered="0"/><counter type="LINE" missed="1" covered="0"/><counter type="COMPLEXITY" missed="1" covered="0"/><counter type="METHOD" missed="1" covered="0"/></method><method name="criar" desc="(Ljava/util/UUID;Lbr/com/crudao/kanban/raia/dto/CriarRaiaRequest;)Lorg/springframework/http/ResponseEntity;" line="46"><counter type="INSTRUCTION" missed="0" covered="20"/><counter type="LINE" missed="0" covered="4"/><counter type="COMPLEXITY" missed="0" covered="1"/><counter type="METHOD" missed="0" covered="1"/></method><method name="renomear" desc="(Ljava/util/UUID;Ljava/util/UUID;Lbr/com/crudao/kanban/raia/dto/CriarRaiaRequest;)Lorg/springframework/http/ResponseEntity;" line="58"><counter type="INSTRUCTION" missed="11" covered="0"/><counter type="LINE" missed="1" covered="0"/><counter type="COMPLEXITY" missed="1" covered="0"/><counter type="METHOD" missed="1" covered="0"/></method><method name="definirPadrao" desc="(Ljava/util/UUID;Ljava/util/UUID;)Lorg/springframework/http/ResponseEntity;" line="65"><counter type="INSTRUCTION" missed="9" covered="0"/><counter type="LINE" missed="1" covered="0"/><counter type="COMPLEXITY" missed="1" covered="0"/><counter type="METHOD" missed="1" covered="0"/></method><method name="excluir" desc="(Ljava/util/UUID;Ljava/util/UUID;)Lorg/springframework/http/ResponseEntity;" line="71"><counter type="INSTRUCTION" missed="7" covered="0"/><counter type="LINE" missed="2" covered="0"/><counter type="COMPLEXITY" missed="1" covered="0"/><counter type="METHOD" missed="1" covered="0"/></method><counter type="INSTRUCTION" missed="36" covered="20"/><counter type="LINE" missed="5" covered="4"/><counter type="COMPLEXITY" missed="4" covered="1"/><counter type="METHOD" missed="4" covered="1"/><counter type="CLASS" missed="0" covered="1"/></class><class name="br/com/crudao/kanban/raia/RaiaService" sourcefilename="RaiaService.java"><method name="criar" desc="(Ljava/util/UUID;Lbr/com/crudao/kanban/raia/dto/CriarRaiaRequest;)Lbr/com/crudao/kanban/raia/Raia;" line="32"><counter type="INSTRUCTION" missed="0" covered="37"/><counter type="BRANCH" missed="0" covered="2"/><counter type="LINE" missed="0" covered="11"/><counter type="COMPLEXITY" missed="0" covered="2"/><counter type="METHOD" missed="0" covered="1"/></method><method name="renomear" desc="(Ljava/util/UUID;Ljava/lang/String;)Lbr/com/crudao/kanban/raia/Raia;" line="47"><counter type="INSTRUCTION" missed="0" covered="13"/><counter type="LINE" missed="0" covered="4"/><counter type="COMPLEXITY" missed="0" covered="1"/><counter type="METHOD" missed="0" covered="1"/></method><method name="definirPadrao" desc="(Ljava/util/UUID;)Lbr/com/crudao/kanban/raia/Raia;" line="56"><counter type="INSTRUCTION" missed="0" covered="39"/><counter type="BRANCH" missed="1" covered="3"/><counter type="LINE" missed="0" covered="10"/><counter type="COMPLEXITY" missed="1" covered="2"/><counter type="METHOD" missed="0" covered="1"/></method><method name="excluir" desc="(Ljava/util/UUID;)V" line="76"><counter type="INSTRUCTION" missed="0" covered="63"/><counter type="BRANCH" missed="1" covered="7"/><counter type="LINE" missed="0" covered="12"/><counter type="COMPLEXITY" missed="1" covered="4"/><counter type="METHOD" missed="0" covered="1"/></method><method name="listar" desc="(Ljava/util/UUID;)Ljava/util/List;" line="96"><counter type="INSTRUCTION" missed="0" covered="5"/><counter type="LINE" missed="0" covered="1"/><counter type="COMPLEXITY" missed="0" covered="1"/><counter type="METHOD" missed="0" covered="1"/></method><method name="buscar" desc="(Ljava/util/UUID;)Lbr/com/crudao/kanban/raia/Raia;" line="101"><counter type="INSTRUCTION" missed="0" covered="9"/><counter type="LINE" missed="0" covered="3"/><counter type="COMPLEXITY" missed="0" covered="1"/><counter type="METHOD" missed="0" covered="1"/></method><method name="padraoDoProjeto" desc="(Ljava/util/UUID;)Ljava/util/Optional;" line="108"><counter type="INSTRUCTION" missed="0" covered="5"/><counter type="LINE" missed="0" covered="1"/><counter type="COMPLEXITY" missed="0" covered="1"/><counter type="METHOD" missed="0" covered="1"/></method><method name="publicarReconfiguracao" desc="(Ljava/util/UUID;)V" line="112"><counter type="INSTRUCTION" missed="0" covered="8"/><counter type="LINE" missed="0" covered="3"/><counter type="COMPLEXITY" missed="0" covered="1"/><counter type="METHOD" missed="0" covered="1"/></method><method name="lambda$buscar$0" desc="(Ljava/util/UUID;)Lbr/com/crudao/kanban/common/RecursoNaoEncontradoException;" line="103"><counter type="INSTRUCTION" missed="0" covered="4"/><counter type="LINE" missed="0" covered="1"/><counter type="COMPLEXITY" missed="0" covered="1"/><counter type="METHOD" missed="0" covered="1"/></method><counter type="INSTRUCTION" missed="0" covered="183"/><counter type="BRANCH" missed="2" covered="12"/><counter type="LINE" missed="0" covered="45"/><counter type="COMPLEXITY" missed="2" covered="14"/><counter type="METHOD" missed="0" covered="9"/><counter type="CLASS" missed="0" covered="1"/></class><class name="br/com/crudao/kanban/raia/RaiaMapperImpl" sourcefilename="RaiaMapperImpl.java"><method name="&lt;init&gt;" desc="()V" line="16"><counter type="INSTRUCTION" missed="0" covered="3"/><counter type="LINE" missed="0" covered="1"/><counter type="COMPLEXITY" missed="0" covered="1"/><counter type="METHOD" missed="0" covered="1"/></method><method name="paraResponse" desc="(Lbr/com/crudao/kanban/raia/Raia;)Lbr/com/crudao/kanban/raia/dto/RaiaResponse;" line="20"><counter type="INSTRUCTION" missed="2" covered="32"/><counter type="BRANCH" missed="1" covered="1"/><counter type="LINE" missed="1" covered="11"/><counter type="COMPLEXITY" missed="1" covered="1"/><counter type="METHOD" missed="0" covered="1"/></method><method name="paraResponse" desc="(Ljava/util/List;)Ljava/util/List;" line="41"><counter type="INSTRUCTION" missed="2" covered="27"/><counter type="BRANCH" missed="1" covered="3"/><counter type="LINE" missed="1" covered="6"/><counter type="COMPLEXITY" missed="1" covered="2"/><counter type="METHOD" missed="0" covered="1"/></method><counter type="INSTRUCTION" missed="4" covered="62"/><counter type="BRANCH" missed="2" covered="4"/><counter type="LINE" missed="2" covered="18"/><counter type="COMPLEXITY" missed="2" covered="4"/><counter type="METHOD" missed="0" covered="3"/><counter type="CLASS" missed="0" covered="1"/></class><class name="br/com/crudao/kanban/raia/RaiaMapper" sourcefilename="RaiaMapper.java"/><class name="br/com/crudao/kanban/raia/RaiaRepository" sourcefilename="RaiaRepository.java"/><sourcefile name="RaiaRepository.java"/><sourcefile name="Raia.java"/><sourcefile name="RaiaMapper.java"/><sourcefile name="RaiaService.java"><line nr="32" mi="0" ci="11" mb="0" cb="2"/><line nr="33" mi="0" ci="2" mb="0" cb="0"/><line nr="34" mi="0" ci="3" mb="0" cb="0"/><line nr="35" mi="0" ci="2" mb="0" cb="0"/><line nr="36" mi="0" ci="2" mb="0" cb="0"/><line nr="37" mi="0" ci="5" mb="0" cb="0"/><line nr="38" mi="0" ci="5" mb="0" cb="0"/><line nr="39" mi="0" ci="1" mb="0" cb="0"/><line nr="40" mi="0" ci="1" mb="0" cb="0"/><line nr="41" mi="0" ci="3" mb="0" cb="0"/><line nr="42" mi="0" ci="2" mb="0" cb="0"/><line nr="47" mi="0" ci="4" mb="0" cb="0"/><line nr="48" mi="0" ci="3" mb="0" cb="0"/><line nr="49" mi="0" ci="4" mb="0" cb="0"/><line nr="50" mi="0" ci="2" mb="0" cb="0"/><line nr="56" mi="0" ci="4" mb="0" cb="0"/><line nr="57" mi="0" ci="3" mb="0" cb="2"/><line nr="58" mi="0" ci="2" mb="0" cb="0"/><line nr="60" mi="0" ci="6" mb="0" cb="0"/><line nr="61" mi="0" ci="3" mb="1" cb="1"/><line nr="62" mi="0" ci="5" mb="0" cb="0"/><line nr="63" mi="0" ci="7" mb="0" cb="0"/><line nr="65" mi="0" ci="3" mb="0" cb="0"/><line nr="66" mi="0" ci="4" mb="0" cb="0"/><line nr="67" mi="0" ci="2" mb="0" cb="0"/><line nr="76" mi="0" ci="4" mb="0" cb="0"/><line nr="77" mi="0" ci="5" mb="0" cb="0"/><line nr="78" mi="0" ci="4" mb="0" cb="2"/><line nr="79" mi="0" ci="8" mb="0" cb="0"/><line nr="80" mi="0" ci="5" mb="0" cb="0"/><line nr="82" mi="0" ci="7" mb="0" cb="2"/><line nr="83" mi="0" ci="5" mb="0" cb="0"/><line nr="86" mi="0" ci="11" mb="1" cb="3"/><line nr="87" mi="0" ci="5" mb="0" cb="0"/><line nr="90" mi="0" ci="4" mb="0" cb="0"/><line nr="91" mi="0" ci="4" mb="0" cb="0"/><line nr="92" mi="0" ci="1" mb="0" cb="0"/><line nr="96" mi="0" ci="5" mb="0" cb="0"/><line nr="101" mi="0" ci="4" mb="0" cb="0"/><line nr="102" mi="0" ci="3" mb="0" cb="0"/><line nr="103" mi="0" ci="6" mb="0" cb="0"/><line nr="108" mi="0" ci="5" mb="0" cb="0"/><line nr="112" mi="0" ci="6" mb="0" cb="0"/><line nr="113" mi="0" ci="1" mb="0" cb="0"/><line nr="114" mi="0" ci="1" mb="0" cb="0"/><counter type="INSTRUCTION" missed="0" covered="183"/><counter type="BRANCH" missed="2" covered="12"/><counter type="LINE" missed="0" covered="45"/><counter type="COMPLEXITY" missed="2" covered="14"/><counter type="METHOD" missed="0" covered="9"/><counter type="CLASS" missed="0" covered="1"/></sourcefile><sourcefile name="RaiaController.java"><line nr="38" mi="9" ci="0" mb="0" cb="0"/><line nr="46" mi="0" ci="6" mb="0" cb="0"/><line nr="47" mi="0" ci="8" mb="0" cb="0"/><line nr="48" mi="0" ci="4" mb="0" cb="0"/><line nr="49" mi="0" ci="2" mb="0" cb="0"/><line nr="58" mi="11" ci="0" mb="0" cb="0"/><line nr="65" mi="9" ci="0" mb="0" cb="0"/><line nr="71" mi="4" ci="0" mb="0" cb="0"/><line nr="72" mi="3" ci="0" mb="0" cb="0"/><counter type="INSTRUCTION" missed="36" covered="20"/><counter type="LINE" missed="5" covered="4"/><counter type="COMPLEXITY" missed="4" covered="1"/><counter type="METHOD" missed="4" covered="1"/><counter type="CLASS" missed="0" covered="1"/></sourcefile><sourcefile name="RaiaMapperImpl.java"><line nr="16" mi="0" ci="3" mb="0" cb="0"/><line nr="20" mi="0" ci="2" mb="1" cb="1"/><line nr="21" mi="2" ci="0" mb="0" cb="0"/><line nr="24" mi="0" ci="2" mb="0" cb="0"/><line nr="25" mi="0" ci="2" mb="0" cb="0"/><line nr="26" mi="0" ci="2" mb="0" cb="0"/><line nr="27" mi="0" ci="2" mb="0" cb="0"/><line nr="29" mi="0" ci="3" mb="0" cb="0"/><line nr="30" mi="0" ci="3" mb="0" cb="0"/><line nr="31" mi="0" ci="3" mb="0" cb="0"/><line nr="32" mi="0" ci="3" mb="0" cb="0"/><line nr="34" mi="0" ci="8" mb="0" cb="0"/><line nr="36" mi="0" ci="2" mb="0" cb="0"/><line nr="41" mi="0" ci="2" mb="1" cb="1"/><line nr="42" mi="2" ci="0" mb="0" cb="0"/><line nr="45" mi="0" ci="6" mb="0" cb="0"/><line nr="46" mi="0" ci="10" mb="0" cb="2"/><line nr="47" mi="0" ci="6" mb="0" cb="0"/><line nr="48" mi="0" ci="1" mb="0" cb="0"/><line nr="50" mi="0" ci="2" mb="0" cb="0"/><counter type="INSTRUCTION" missed="4" covered="62"/><counter type="BRANCH" missed="2" covered="4"/><counter type="LINE" missed="2" covered="18"/><counter type="COMPLEXITY" missed="2" covered="4"/><counter type="METHOD" missed="0" covered="3"/><counter type="CLASS" missed="0" covered="1"/></sourcefile><counter type="INSTRUCTION" missed="40" covered="265"/><counter type="BRANCH" missed="4" covered="16"/><counter type="LINE" missed="7" covered="67"/><counter type="COMPLEXITY" missed="8" covered="19"/><counter type="METHOD" missed="4" covered="13"/><counter type="CLASS" missed="0" covered="3"/></package><package name="br/com/crudao/kanban/workflow/dto"><class name="br/com/crudao/kanban/workflow/dto/TransicaoResponse" sourcefilename="TransicaoResponse.java"><method name="&lt;init&gt;" desc="(Ljava/util/UUID;Ljava/util/UUID;Ljava/util/UUID;)V" line="5"><counter type="INSTRUCTION" missed="0" covered="12"/><counter type="LINE" missed="0" covered="1"/><counter type="COMPLEXITY" missed="0" covered="1"/><counter type="METHOD" missed="0" covered="1"/></method><counter type="INSTRUCTION" missed="0" covered="12"/><counter type="LINE" missed="0" covered="1"/><counter type="COMPLEXITY" missed="0" covered="1"/><counter type="METHOD" missed="0" covered="1"/><counter type="CLASS" missed="0" covered="1"/></class><class name="br/com/crudao/kanban/workflow/dto/EtapaResponse" sourcefilename="EtapaResponse.java"><method name="&lt;init&gt;" desc="(Ljava/util/UUID;Ljava/lang/String;IZ)V" line="5"><counter type="INSTRUCTION" missed="0" covered="15"/><counter type="LINE" missed="0" covered="1"/><counter type="COMPLEXITY" missed="0" covered="1"/><counter type="METHOD" missed="0" covered="1"/></method><counter type="INSTRUCTION" missed="0" covered="15"/><counter type="LINE" missed="0" covered="1"/><counter type="COMPLEXITY" missed="0" covered="1"/><counter type="METHOD" missed="0" covered="1"/><counter type="CLASS" missed="0" covered="1"/></class><class name="br/com/crudao/kanban/workflow/dto/CriarTransicaoRequest" sourcefilename="CriarTransicaoRequest.java"><method name="&lt;init&gt;" desc="(Ljava/util/UUID;Ljava/util/UUID;)V" line="6"><counter type="INSTRUCTION" missed="9" covered="0"/><counter type="LINE" missed="1" covered="0"/><counter type="COMPLEXITY" missed="1" covered="0"/><counter type="METHOD" missed="1" covered="0"/></method><counter type="INSTRUCTION" missed="9" covered="0"/><counter type="LINE" missed="1" covered="0"/><counter type="COMPLEXITY" missed="1" covered="0"/><counter type="METHOD" missed="1" covered="0"/><counter type="CLASS" missed="1" covered="0"/></class><class name="br/com/crudao/kanban/workflow/dto/WorkflowResponse" sourcefilename="WorkflowResponse.java"><method name="&lt;init&gt;" desc="(Ljava/util/UUID;Ljava/util/UUID;Ljava/lang/String;Z)V" line="5"><counter type="INSTRUCTION" missed="15" covered="0"/><counter type="LINE" missed="1" covered="0"/><counter type="COMPLEXITY" missed="1" covered="0"/><counter type="METHOD" missed="1" covered="0"/></method><counter type="INSTRUCTION" missed="15" covered="0"/><counter type="LINE" missed="1" covered="0"/><counter type="COMPLEXITY" missed="1" covered="0"/><counter type="METHOD" missed="1" covered="0"/><counter type="CLASS" missed="1" covered="0"/></class><class name="br/com/crudao/kanban/workflow/dto/CriarEtapaRequest" sourcefilename="CriarEtapaRequest.java"><method name="&lt;init&gt;" desc="(Ljava/lang/String;Z)V" line="6"><counter type="INSTRUCTION" missed="0" covered="9"/><counter type="LINE" missed="0" covered="1"/><counter type="COMPLEXITY" missed="0" covered="1"/><counter type="METHOD" missed="0" covered="1"/></method><counter type="INSTRUCTION" missed="0" covered="9"/><counter type="LINE" missed="0" covered="1"/><counter type="COMPLEXITY" missed="0" covered="1"/><counter type="METHOD" missed="0" covered="1"/><counter type="CLASS" missed="0" covered="1"/></class><class name="br/com/crudao/kanban/workflow/dto/CriarWorkflowRequest" sourcefilename="CriarWorkflowRequest.java"><method name="&lt;init&gt;" desc="(Ljava/lang/String;)V" line="6"><counter type="INSTRUCTION" missed="0" covered="6"/><counter type="LINE" missed="0" covered="1"/><counter type="COMPLEXITY" missed="0" covered="1"/><counter type="METHOD" missed="0" covered="1"/></method><counter type="INSTRUCTION" missed="0" covered="6"/><counter type="LINE" missed="0" covered="1"/><counter type="COMPLEXITY" missed="0" covered="1"/><counter type="METHOD" missed="0" covered="1"/><counter type="CLASS" missed="0" covered="1"/></class><class name="br/com/crudao/kanban/workflow/dto/ReordenarEtapasRequest" sourcefilename="ReordenarEtapasRequest.java"><method name="&lt;init&gt;" desc="(Ljava/util/List;)V" line="8"><counter type="INSTRUCTION" missed="6" covered="0"/><counter type="LINE" missed="1" covered="0"/><counter type="COMPLEXITY" missed="1" covered="0"/><counter type="METHOD" missed="1" covered="0"/></method><counter type="INSTRUCTION" missed="6" covered="0"/><counter type="LINE" missed="1" covered="0"/><counter type="COMPLEXITY" missed="1" covered="0"/><counter type="METHOD" missed="1" covered="0"/><counter type="CLASS" missed="1" covered="0"/></class><sourcefile name="CriarWorkflowRequest.java"><line nr="6" mi="0" ci="6" mb="0" cb="0"/><counter type="INSTRUCTION" missed="0" covered="6"/><counter type="LINE" missed="0" covered="1"/><counter type="COMPLEXITY" missed="0" covered="1"/><counter type="METHOD" missed="0" covered="1"/><counter type="CLASS" missed="0" covered="1"/></sourcefile><sourcefile name="WorkflowResponse.java"><line nr="5" mi="15" ci="0" mb="0" cb="0"/><counter type="INSTRUCTION" missed="15" covered="0"/><counter type="LINE" missed="1" covered="0"/><counter type="COMPLEXITY" missed="1" covered="0"/><counter type="METHOD" missed="1" covered="0"/><counter type="CLASS" missed="1" covered="0"/></sourcefile><sourcefile name="ReordenarEtapasRequest.java"><line nr="8" mi="6" ci="0" mb="0" cb="0"/><counter type="INSTRUCTION" missed="6" covered="0"/><counter type="LINE" missed="1" covered="0"/><counter type="COMPLEXITY" missed="1" covered="0"/><counter type="METHOD" missed="1" covered="0"/><counter type="CLASS" missed="1" covered="0"/></sourcefile><sourcefile name="EtapaResponse.java"><line nr="5" mi="0" ci="15" mb="0" cb="0"/><counter type="INSTRUCTION" missed="0" covered="15"/><counter type="LINE" missed="0" covered="1"/><counter type="COMPLEXITY" missed="0" covered="1"/><counter type="METHOD" missed="0" covered="1"/><counter type="CLASS" missed="0" covered="1"/></sourcefile><sourcefile name="CriarEtapaRequest.java"><line nr="6" mi="0" ci="9" mb="0" cb="0"/><counter type="INSTRUCTION" missed="0" covered="9"/><counter type="LINE" missed="0" covered="1"/><counter type="COMPLEXITY" missed="0" covered="1"/><counter type="METHOD" missed="0" covered="1"/><counter type="CLASS" missed="0" covered="1"/></sourcefile><sourcefile name="TransicaoResponse.java"><line nr="5" mi="0" ci="12" mb="0" cb="0"/><counter type="INSTRUCTION" missed="0" covered="12"/><counter type="LINE" missed="0" covered="1"/><counter type="COMPLEXITY" missed="0" covered="1"/><counter type="METHOD" missed="0" covered="1"/><counter type="CLASS" missed="0" covered="1"/></sourcefile><sourcefile name="CriarTransicaoRequest.java"><line nr="6" mi="9" ci="0" mb="0" cb="0"/><counter type="INSTRUCTION" missed="9" covered="0"/><counter type="LINE" missed="1" covered="0"/><counter type="COMPLEXITY" missed="1" covered="0"/><counter type="METHOD" missed="1" covered="0"/><counter type="CLASS" missed="1" covered="0"/></sourcefile><counter type="INSTRUCTION" missed="30" covered="42"/><counter type="LINE" missed="3" covered="4"/><counter type="COMPLEXITY" missed="3" covered="4"/><counter type="METHOD" missed="3" covered="4"/><counter type="CLASS" missed="3" covered="4"/></package><package name="br/com/crudao/kanban/leadtime/dto"><class name="br/com/crudao/kanban/leadtime/dto/LeadTimeDetalhe" sourcefilename="LeadTimeDetalhe.java"><method name="&lt;init&gt;" desc="(Ljava/util/List;J)V" line="6"><counter type="INSTRUCTION" missed="0" covered="9"/><counter type="LINE" missed="0" covered="1"/><counter type="COMPLEXITY" missed="0" covered="1"/><counter type="METHOD" missed="0" covered="1"/></method><counter type="INSTRUCTION" missed="0" covered="9"/><counter type="LINE" missed="0" covered="1"/><counter type="COMPLEXITY" missed="0" covered="1"/><counter type="METHOD" missed="0" covered="1"/><counter type="CLASS" missed="0" covered="1"/></class><class name="br/com/crudao/kanban/leadtime/dto/LeadTimeMedioEtapaResponse" sourcefilename="LeadTimeMedioEtapaResponse.java"><method name="&lt;init&gt;" desc="(Ljava/util/UUID;Ljava/lang/String;IJJJ)V" line="9"><counter type="INSTRUCTION" missed="0" covered="21"/><counter type="LINE" missed="0" covered="1"/><counter type="COMPLEXITY" missed="0" covered="1"/><counter type="METHOD" missed="0" covered="1"/></method><counter type="INSTRUCTION" missed="0" covered="21"/><counter type="LINE" missed="0" covered="1"/><counter type="COMPLEXITY" missed="0" covered="1"/><counter type="METHOD" missed="0" covered="1"/><counter type="CLASS" missed="0" covered="1"/></class><class name="br/com/crudao/kanban/leadtime/dto/DashboardResponse" sourcefilename="DashboardResponse.java"><method name="&lt;init&gt;" desc="(Ljava/util/UUID;Ljava/time/Instant;Ljava/time/Instant;Ljava/util/List;J)V" line="7"><counter type="INSTRUCTION" missed="0" covered="18"/><counter type="LINE" missed="0" covered="1"/><counter type="COMPLEXITY" missed="0" covered="1"/><counter type="METHOD" missed="0" covered="1"/></method><counter type="INSTRUCTION" missed="0" covered="18"/><counter type="LINE" missed="0" covered="1"/><counter type="COMPLEXITY" miss
[...]
vered="1"/><counter type="METHOD" missed="0" covered="1"/></method><counter type="INSTRUCTION" missed="0" covered="6"/><counter type="LINE" missed="0" covered="2"/><counter type="COMPLEXITY" missed="0" covered="1"/><counter type="METHOD" missed="0" covered="1"/><counter type="CLASS" missed="0" covered="1"/></class><class name="br/com/crudao/kanban/common/TarefaIniciadaException" sourcefilename="TarefaIniciadaException.java"><method name="&lt;init&gt;" desc="(Ljava/lang/String;)V" line="14"><counter type="INSTRUCTION" missed="0" covered="6"/><counter type="LINE" missed="0" covered="2"/><counter type="COMPLEXITY" missed="0" covered="1"/><counter type="METHOD" missed="0" covered="1"/></method><counter type="INSTRUCTION" missed="0" covered="6"/><counter type="LINE" missed="0" covered="2"/><counter type="COMPLEXITY" missed="0" covered="1"/><counter type="METHOD" missed="0" covered="1"/><counter type="CLASS" missed="0" covered="1"/></class><class name="br/com/crudao/kanban/common/RecursoNaoEncontradoException" sourcefilename="RecursoNaoEncontradoException.java"><method name="&lt;init&gt;" desc="(Ljava/lang/String;)V" line="15"><counter type="INSTRUCTION" missed="0" covered="6"/><counter type="LINE" missed="0" covered="2"/><counter type="COMPLEXITY" missed="0" covered="1"/><counter type="METHOD" missed="0" covered="1"/></method><method name="de" desc="(Ljava/lang/String;Ljava/util/UUID;)Lbr/com/crudao/kanban/common/RecursoNaoEncontradoException;" line="19"><counter type="INSTRUCTION" missed="0" covered="16"/><counter type="LINE" missed="0" covered="1"/><counter type="COMPLEXITY" missed="0" covered="1"/><counter type="METHOD" missed="0" covered="1"/></method><counter type="INSTRUCTION" missed="0" covered="22"/><counter type="LINE" missed="0" covered="3"/><counter type="COMPLEXITY" missed="0" covered="2"/><counter type="METHOD" missed="0" covered="2"/><counter type="CLASS" missed="0" covered="1"/></class><class name="br/com/crudao/kanban/common/ProjetoFinalizadoException" sourcefilename="ProjetoFinalizadoException.java"><method name="&lt;init&gt;" desc="(Ljava/lang/String;)V" line="14"><counter type="INSTRUCTION" missed="0" covered="6"/><counter type="LINE" missed="0" covered="2"/><counter type="COMPLEXITY" missed="0" covered="1"/><counter type="METHOD" missed="0" covered="1"/></method><counter type="INSTRUCTION" missed="0" covered="6"/><counter type="LINE" missed="0" covered="2"/><counter type="COMPLEXITY" missed="0" covered="1"/><counter type="METHOD" missed="0" covered="1"/><counter type="CLASS" missed="0" covered="1"/></class><sourcefile name="ConflitoConcorrenciaException.java"><line nr="14" mi="0" ci="5" mb="0" cb="0"/><line nr="15" mi="0" ci="1" mb="0" cb="0"/><line nr="18" mi="0" ci="5" mb="0" cb="0"/><counter type="INSTRUCTION" missed="0" covered="11"/><counter type="LINE" missed="0" covered="3"/><counter type="COMPLEXITY" missed="0" covered="2"/><counter type="METHOD" missed="0" covered="2"/><counter type="CLASS" missed="0" covered="1"/></sourcefile><sourcefile name="TransicaoNaoPermitidaException.java"><line nr="14" mi="0" ci="5" mb="0" cb="0"/><line nr="15" mi="0" ci="1" mb="0" cb="0"/><line nr="18" mi="0" ci="14" mb="0" cb="0"/><line nr="19" mi="0" ci="2" mb="0" cb="0"/><counter type="INSTRUCTION" missed="0" covered="22"/><counter type="LINE" missed="0" covered="4"/><counter type="COMPLEXITY" missed="0" covered="2"/><counter type="METHOD" missed="0" covered="2"/><counter type="CLASS" missed="0" covered="1"/></sourcefile><sourcefile name="TarefaIniciadaException.java"><line nr="14" mi="0" ci="5" mb="0" cb="0"/><line nr="15" mi="0" ci="1" mb="0" cb="0"/><counter type="INSTRUCTION" missed="0" covered="6"/><counter type="LINE" missed="0" covered="2"/><counter type="COMPLEXITY" missed="0" covered="1"/><counter type="METHOD" missed="0" covered="1"/><counter type="CLASS" missed="0" covered="1"/></sourcefile><sourcefile name="RecursoEmUsoException.java"><line nr="14" mi="0" ci="5" mb="0" cb="0"/><line nr="15" mi="0" ci="1" mb="0" cb="0"/><counter type="INSTRUCTION" missed="0" covered="6"/><counter type="LINE" missed="0" covered="2"/><counter type="COMPLEXITY" missed="0" covered="1"/><counter type="METHOD" missed="0" covered="1"/><counter type="CLASS" missed="0" covered="1"/></sourcefile><sourcefile name="PermissaoNegadaException.java"><line nr="14" mi="0" ci="5" mb="0" cb="0"/><line nr="15" mi="0" ci="1" mb="0" cb="0"/><counter type="INSTRUCTION" missed="0" covered="6"/><counter type="LINE" missed="0" covered="2"/><counter type="COMPLEXITY" missed="0" covered="1"/><counter type="METHOD" missed="0" covered="1"/><counter type="CLASS" missed="0" covered="1"/></sourcefile><sourcefile name="RecursoNaoEncontradoException.java"><line nr="15" mi="0" ci="5" mb="0" cb="0"/><line nr="16" mi="0" ci="1" mb="0" cb="0"/><line nr="19" mi="0" ci="16" mb="0" cb="0"/><counter type="INSTRUCTION" missed="0" covered="22"/><counter type="LINE" missed="0" covered="3"/><counter type="COMPLEXITY" missed="0" covered="2"/><counter type="METHOD" missed="0" covered="2"/><counter type="CLASS" missed="0" covered="1"/></sourcefile><sourcefile name="ClockProvider.java"><line nr="23" mi="0" ci="4" mb="0" cb="0"/><line nr="25" mi="0" ci="4" mb="0" cb="0"/><line nr="26" mi="0" ci="3" mb="0" cb="0"/><counter type="INSTRUCTION" missed="0" covered="11"/><counter type="LINE" missed="0" covered="3"/><counter type="COMPLEXITY" missed="0" covered="1"/><counter type="METHOD" missed="0" covered="1"/><counter type="CLASS" missed="0" covered="1"/></sourcefile><sourcefile name="ErrorResponse.java"><line nr="10" mi="0" ci="18" mb="0" cb="0"/><line nr="14" mi="9" ci="0" mb="0" cb="0"/><line nr="19" mi="0" ci="9" mb="0" cb="0"/><counter type="INSTRUCTION" missed="9" covered="27"/><counter type="LINE" missed="1" covered="2"/><counter type="COMPLEXITY" missed="1" covered="2"/><counter type="METHOD" missed="1" covered="2"/><counter type="CLASS" missed="0" covered="1"/></sourcefile><sourcefile name="GlobalExceptionHandler.java"><line nr="21" mi="0" ci="4" mb="0" cb="0"/><line nr="23" mi="0" ci="3" mb="0" cb="0"/><line nr="31" mi="0" ci="7" mb="0" cb="0"/><line nr="32" mi="0" ci="5" mb="0" cb="0"/><line nr="33" mi="0" ci="1" mb="0" cb="0"/><line nr="34" mi="0" ci="1" mb="0" cb="0"/><line nr="35" mi="0" ci="7" mb="0" cb="0"/><line nr="41" mi="1" ci="0" mb="0" cb="0"/><line nr="42" mi="4" ci="0" mb="0" cb="0"/><line nr="43" mi="1" ci="0" mb="0" cb="0"/><line nr="44" mi="2" ci="0" mb="0" cb="0"/><line nr="45" mi="8" ci="0" mb="0" cb="0"/><line nr="46" mi="5" ci="0" mb="0" cb="0"/><line nr="47" mi="1" ci="0" mb="0" cb="0"/><line nr="48" mi="1" ci="0" mb="0" cb="0"/><line nr="51" mi="2" ci="0" mb="0" cb="0"/><line nr="58" mi="5" ci="0" mb="0" cb="0"/><line nr="59" mi="6" ci="0" mb="0" cb="0"/><line nr="60" mi="1" ci="0" mb="0" cb="0"/><line nr="61" mi="1" ci="0" mb="0" cb="0"/><line nr="64" mi="1" ci="0" mb="0" cb="0"/><line nr="70" mi="9" ci="0" mb="0" cb="0"/><line nr="71" mi="6" ci="0" mb="0" cb="0"/><line nr="72" mi="1" ci="0" mb="0" cb="0"/><line nr="73" mi="1" ci="0" mb="0" cb="0"/><line nr="76" mi="1" ci="0" mb="0" cb="0"/><line nr="82" mi="5" ci="0" mb="0" cb="0"/><line nr="83" mi="6" ci="0" mb="0" cb="0"/><line nr="84" mi="1" ci="0" mb="0" cb="0"/><line nr="85" mi="1" ci="0" mb="0" cb="0"/><line nr="88" mi="1" ci="0" mb="0" cb="0"/><line nr="93" mi="3" ci="0" mb="0" cb="0"/><line nr="94" mi="18" ci="0" mb="0" cb="0"/><line nr="95" mi="6" ci="0" mb="0" cb="0"/><line nr="96" mi="3" ci="0" mb="0" cb="0"/><line nr="100" mi="8" ci="0" mb="0" cb="0"/><counter type="INSTRUCTION" missed="109" covered="28"/><counter type="LINE" missed="29" covered="7"/><counter type="COMPLEXITY" missed="6" covered="3"/><counter type="METHOD" missed="6" covered="3"/><counter type="CLASS" missed="0" covered="1"/></sourcefile><sourcefile name="BusinessException.java"><line nr="22" mi="6" ci="0" mb="0" cb="0"/><line nr="23" mi="1" ci="0" mb="0" cb="0"/><line nr="26" mi="0" ci="6" mb="0" cb="0"/><line nr="27" mi="0" ci="1" mb="0" cb="0"/><line nr="30" mi="6" ci="0" mb="0" cb="0"/><line nr="31" mi="1" ci="0" mb="0" cb="0"/><line nr="35" mi="0" ci="3" mb="0" cb="0"/><line nr="36" mi="0" ci="3" mb="0" cb="0"/><line nr="37" mi="0" ci="3" mb="0" cb="0"/><line nr="38" mi="2" ci="6" mb="1" cb="1"/><line nr="39" mi="0" ci="1" mb="0" cb="0"/><counter type="INSTRUCTION" missed="16" covered="23"/><counter type="BRANCH" missed="1" covered="1"/><counter type="LINE" missed="4" covered="7"/><counter type="COMPLEXITY" missed="3" covered="2"/><counter type="METHOD" missed="2" covered="2"/><counter type="CLASS" missed="0" covered="1"/></sourcefile><sourcefile name="Auditavel.java"/><sourcefile name="ProjetoFinalizadoException.java"><line nr="14" mi="0" ci="5" mb="0" cb="0"/><line nr="15" mi="0" ci="1" mb="0" cb="0"/><counter type="INSTRUCTION" missed="0" covered="6"/><counter type="LINE" missed="0" covered="2"/><counter type="COMPLEXITY" missed="0" covered="1"/><counter type="METHOD" missed="0" covered="1"/><counter type="CLASS" missed="0" covered="1"/></sourcefile><sourcefile name="CampoErro.java"><line nr="4" mi="9" ci="0" mb="0" cb="0"/><counter type="INSTRUCTION" missed="9" covered="0"/><counter type="LINE" missed="1" covered="0"/><counter type="COMPLEXITY" missed="1" covered="0"/><counter type="METHOD" missed="1" covered="0"/><counter type="CLASS" missed="1" covered="0"/></sourcefile><sourcefile name="ConfiguracaoWorkflowInvalidaException.java"><line nr="14" mi="0" ci="5" mb="0" cb="0"/><line nr="15" mi="0" ci="1" mb="0" cb="0"/><counter type="INSTRUCTION" missed="0" covered="6"/><counter type="LINE" missed="0" covered="2"/><counter type="COMPLEXITY" missed="0" covered="1"/><counter type="METHOD" missed="0" covered="1"/><counter type="CLASS" missed="0" covered="1"/></sourcefile><counter type="INSTRUCTION" missed="143" covered="174"/><counter type="BRANCH" missed="1" covered="1"/><counter type="LINE" missed="35" covered="39"/><counter type="COMPLEXITY" missed="11" covered="19"/><counter type="METHOD" missed="10" covered="19"/><counter type="CLASS" missed="1" covered="12"/></package><package name="br/com/crudao/kanban/tarefa/dto"><class name="br/com/crudao/kanban/tarefa/dto/TarefaResumoResponse" sourcefilename="TarefaResumoResponse.java"><method name="&lt;init&gt;" desc="(Ljava/util/UUID;Ljava/lang/String;Lbr/com/crudao/kanban/tarefa/TipoTarefa;Lbr/com/crudao/kanban/tarefa/PrioridadeTarefa;Ljava/util/UUID;Ljava/util/UUID;Ljava/util/UUID;Ljava/lang/String;ZZJLjava/util/List;)V" line="9"><counter type="INSTRUCTION" missed="0" covered="39"/><counter type="LINE" missed="0" covered="1"/><counter type="COMPLEXITY" missed="0" covered="1"/><counter type="METHOD" missed="0" covered="1"/></method><counter type="INSTRUCTION" missed="0" covered="39"/><counter type="LINE" missed="0" covered="1"/><counter type="COMPLEXITY" missed="0" covered="1"/><counter type="METHOD" missed="0" covered="1"/><counter type="CLASS" missed="0" covered="1"/></class><class name="br/com/crudao/kanban/tarefa/dto/TarefaDetalheResponse" sourcefilename="TarefaDetalheResponse.java"><method name="&lt;init&gt;" desc="(Ljava/util/UUID;Ljava/util/UUID;Ljava/util/UUID;Ljava/util/UUID;Ljava/util/UUID;Ljava/lang/String;Ljava/lang/String;Lbr/com/crudao/kanban/tarefa/TipoTarefa;Lbr/com/crudao/kanban/tarefa/PrioridadeTarefa;Ljava/util/UUID;Ljava/lang/String;Ljava/util/UUID;ZZLjava/lang/String;Ljava/time/Instant;JLjava/util/List;JLjava/util/List;Ljava/util/List;Ljava/util/Set;Z)V" line="11"><counter type="INSTRUCTION" missed="0" covered="72"/><counter type="LINE" missed="0" covered="1"/><counter type="COMPLEXITY" missed="0" covered="1"/><counter type="METHOD" missed="0" covered="1"/></method><counter type="INSTRUCTION" missed="0" covered="72"/><counter type="LINE" missed="0" covered="1"/><counter type="COMPLEXITY" missed="0" covered="1"/><counter type="METHOD" missed="0" covered="1"/><counter type="CLASS" missed="0" covered="1"/></class><class name="br/com/crudao/kanban/tarefa/dto/AtualizarTarefaRequest" sourcefilename="AtualizarTarefaRequest.java"><method name="&lt;init&gt;" desc="(Ljava/lang/String;Ljava/lang/String;Lbr/com/crudao/kanban/tarefa/TipoTarefa;Lbr/com/crudao/kanban/tarefa/PrioridadeTarefa;Ljava/util/UUID;Ljava/lang/Long;)V" line="10"><counter type="INSTRUCTION" missed="0" covered="21"/><counter type="LINE" missed="0" covered="1"/><counter type="COMPLEXITY" missed="0" covered="1"/><counter type="METHOD" missed="0" covered="1"/></method><counter type="INSTRUCTION" missed="0" covered="21"/><counter type="LINE" missed="0" covered="1"/><counter type="COMPLEXITY" missed="0" covered="1"/><counter type="METHOD" missed="0" covered="1"/><counter type="CLASS" missed="0" covered="1"/></class><class name="br/com/crudao/kanban/tarefa/dto/CriarTarefaRequest" sourcefilename="CriarTarefaRequest.java"><method name="&lt;init&gt;" desc="(Ljava/lang/String;Ljava/lang/String;Lbr/com/crudao/kanban/tarefa/TipoTarefa;Lbr/com/crudao/kanban/tarefa/PrioridadeTarefa;Ljava/util/UUID;Ljava/util/UUID;)V" line="11"><counter type="INSTRUCTION" missed="0" covered="21"/><counter type="LINE" missed="0" covered="1"/><counter type="COMPLEXITY" missed="0" covered="1"/><counter type="METHOD" missed="0" covered="1"/></method><method name="prioridadeOuPadrao" desc="()Lbr/com/crudao/kanban/tarefa/PrioridadeTarefa;" line="23"><counter type="INSTRUCTION" missed="3" covered="5"/><counter type="BRANCH" missed="1" covered="1"/><counter type="LINE" missed="0" covered="1"/><counter type="COMPLEXITY" missed="1" covered="1"/><counter type="METHOD" missed="0" covered="1"/></method><counter type="INSTRUCTION" missed="3" covered="26"/><counter type="BRANCH" missed="1" covered="1"/><counter type="LINE" missed="0" covered="2"/><counter type="COMPLEXITY" missed="1" covered="2"/><counter type="METHOD" missed="0" covered="2"/><counter type="CLASS" missed="0" covered="1"/></class><class name="br/com/crudao/kanban/tarefa/dto/MoverTarefaRequest" sourcefilename="MoverTarefaRequest.java"><method name="&lt;init&gt;" desc="(Ljava/util/UUID;Ljava/util/UUID;Ljava/lang/Long;)V" line="10"><counter type="INSTRUCTION" missed="0" covered="12"/><counter type="LINE" missed="0" covered="1"/><counter type="COMPLEXITY" missed="0" covered="1"/><counter type="METHOD" missed="0" covered="1"/></method><counter type="INSTRUCTION" missed="0" covered="12"/><counter type="LINE" missed="0" covered="1"/><counter type="COMPLEXITY" missed="0" covered="1"/><counter type="METHOD" missed="0" covered="1"/><counter type="CLASS" missed="0" covered="1"/></class><class name="br/com/crudao/kanban/tarefa/dto/AuditoriaResponse" sourcefilename="AuditoriaResponse.java"><method name="&lt;init&gt;" desc="(Ljava/util/UUID;Ljava/util/UUID;Ljava/lang/String;Lbr/com/crudao/kanban/auditoria/CampoAuditado;Ljava/lang/String;Ljava/lang/String;Ljava/time/Instant;)V" line="7"><counter type="INSTRUCTION" missed="0" covered="24"/><counter type="LINE" missed="0" covered="1"/><counter type="COMPLEXITY" missed="0" covered="1"/><counter type="METHOD" missed="0" covered="1"/></method><counter type="INSTRUCTION" missed="0" covered="24"/><counter type="LINE" missed="0" covered="1"/><counter type="COMPLEXITY" missed="0" covered="1"/><counter type="METHOD" missed="0" covered="1"/><counter type="CLASS" missed="0" covered="1"/></class><class name="br/com/crudao/kanban/tarefa/dto/AtribuirResponsavelRequest" sourcefilename="AtribuirResponsavelRequest.java"><method name="&lt;init&gt;" desc="(Ljava/util/UUID;)V" line="6"><counter type="INSTRUCTION" missed="6" covered="0"/><counter type="LINE" missed="1" covered="0"/><counter type="COMPLEXITY" missed="1" covered="0"/><counter type="METHOD" missed="1" covered="0"/></method><counter type="INSTRUCTION" missed="6" covered="0"/><counter type="LINE" missed="1" covered="0"/><counter type="COMPLEXITY" missed="1" covered="0"/><counter type="METHOD" missed="1" covered="0"/><counter type="CLASS" missed="1" covered="0"/></class><class name="br/com/crudao/kanban/tarefa/dto/MarcarImpedimentoRequest" sourcefilename="MarcarImpedimentoRequest.java"><method name="&lt;init&gt;" desc="(Ljava/lang/String;)V" line="5"><counter type="INSTRUCTION" missed="0" covered="6"/><counter type="LINE" missed="0" covered="1"/><counter type="COMPLEXITY" missed="0" covered="1"/><counter type="METHOD" missed="0" covered="1"/></method><counter type="INSTRUCTION" missed="0" covered="6"/><counter type="LINE" missed="0" covered="1"/><counter type="COMPLEXITY" missed="0" covered="1"/><counter type="METHOD" missed="0" covered="1"/><counter type="CLASS" missed="0" covered="1"/></class><sourcefile name="MarcarImpedimentoRequest.java"><line nr="5" mi="0" ci="6" mb="0" cb="0"/><counter type="INSTRUCTION" missed="0" covered="6"/><counter type="LINE" missed="0" covered="1"/><counter type="COMPLEXITY" missed="0" covered="1"/><counter type="METHOD" missed="0" covered="1"/><counter type="CLASS" missed="0" covered="1"/></sourcefile><sourcefile name="AtribuirResponsavelRequest.java"><line nr="6" mi="6" ci="0" mb="0" cb="0"/><counter type="INSTRUCTION" missed="6" covered="0"/><counter type="LINE" missed="1" covered="0"/><counter type="COMPLEXITY" missed="1" covered="0"/><counter type="METHOD" missed="1" covered="0"/><counter type="CLASS" missed="1" covered="0"/></sourcefile><sourcefile name="AtualizarTarefaRequest.java"><line nr="10" mi="0" ci="21" mb="0" cb="0"/><counter type="INSTRUCTION" missed="0" covered="21"/><counter type="LINE" missed="0" covered="1"/><counter type="COMPLEXITY" missed="0" covered="1"/><counter type="METHOD" missed="0" covered="1"/><counter type="CLASS" missed="0" covered="1"/></sourcefile><sourcefile name="TarefaDetalheResponse.java"><line nr="11" mi="0" ci="72" mb="0" cb="0"/><counter type="INSTRUCTION" missed="0" covered="72"/><counter type="LINE" missed="0" covered="1"/><counter type="COMPLEXITY" missed="0" covered="1"/><counter type="METHOD" missed="0" covered="1"/><counter type="CLASS" missed="0" covered="1"/></sourcefile><sourcefile name="MoverTarefaRequest.java"><line nr="10" mi="0" ci="12" mb="0" cb="0"/><counter type="INSTRUCTION" missed="0" covered="12"/><counter type="LINE" missed="0" covered="1"/><counter type="COMPLEXITY" missed="0" covered="1"/><counter type="METHOD" missed="0" covered="1"/><counter type="CLASS" missed="0" covered="1"/></sourcefile><sourcefile name="AuditoriaResponse.java"><line nr="7" mi="0" ci="24" mb="0" cb="0"/><counter type="INSTRUCTION" missed="0" covered="24"/><counter type="LINE" missed="0" covered="1"/><counter type="COMPLEXITY" missed="0" covered="1"/><counter type="METHOD" missed="0" covered="1"/><counter type="CLASS" missed="0" covered="1"/></sourcefile><sourcefile name="TarefaResumoResponse.java"><line nr="9" mi="0" ci="39" mb="0" cb="0"/><counter type="INSTRUCTION" missed="0" covered="39"/><counter type="LINE" missed="0" covered="1"/><counter type="COMPLEXITY" missed="0" covered="1"/><counter type="METHOD" missed="0" covered="1"/><counter type="CLASS" missed="0" covered="1"/></sourcefile><sourcefile name="CriarTarefaRequest.java"><line nr="11" mi="0" ci="21" mb="0" cb="0"/><line nr="23" mi="3" ci="5" mb="1" cb="1"/><counter type="INSTRUCTION" missed="3" covered="26"/><counter type="BRANCH" missed="1" covered="1"/><counter type="LINE" missed="0" covered="2"/><counter type="COMPLEXITY" missed="1" covered="2"/><counter type="METHOD" missed="0" covered="2"/><counter type="CLASS" missed="0" covered="1"/></sourcefile><counter type="INSTRUCTION" missed="9" covered="200"/><counter type="BRANCH" missed="1" covered="1"/><counter type="LINE" missed="1" covered="8"/><counter type="COMPLEXITY" missed="2" covered="8"/><counter type="METHOD" missed="1" covered="8"/><counter type="CLASS" missed="1" covered="7"/></package><counter type="INSTRUCTION" missed="1113" covered="6347"/><counter type="BRANCH" missed="127" covered="332"/><counter type="LINE" missed="234" covered="1440"/><counter type="COMPLEXITY" missed="185" covered="411"/><counter type="METHOD" missed="80" covered="286"/><counter type="CLASS" missed="9" covered="97"/></report>